/usr/src/debug/gengetopt-2.23-1/src/../../src/parser.yy
/usr/src/debug/gengetopt-2.23-1/src/../../src/scanner.ll
/usr/src/debug/gengetopt-2.23-1/src/acceptedvalues.cpp
/usr/src/debug/gengetopt-2.23-1/src/cmdline.c
/usr/src/debug/gengetopt-2.23-1/src/fileutils.cpp
/usr/src/debug/gengetopt-2.23-1/src/gengetopt.cc
/usr/src/debug/gengetopt-2.23-1/src/ggos.cpp
/usr/src/debug/gengetopt-2.23-1/src/globals.cpp
/usr/src/debug/gengetopt-2.23-1/src/gm.cc
/usr/src/debug/gengetopt-2.23-1/src/gm.h
/usr/src/debug/gengetopt-2.23-1/src/gm_utils.cpp
/usr/src/debug/gengetopt-2.23-1/src/gm_utils.h
/usr/src/debug/gengetopt-2.23-1/src/groups.h
/usr/src/debug/gengetopt-2.23-1/src/parser.cc
/usr/src/debug/gengetopt-2.23-1/src/scanner.cc
/usr/src/debug/gengetopt-2.23-1/src/skels/c_source.cc
/usr/src/debug/gengetopt-2.23-1/src/skels/c_source.h
/usr/src/debug/gengetopt-2.23-1/src/skels/check_modes.cc
/usr/src/debug/gengetopt-2.23-1/src/skels/check_modes.h
/usr/src/debug/gengetopt-2.23-1/src/skels/clear_arg.cc
/usr/src/debug/gengetopt-2.23-1/src/skels/clear_arg.h
/usr/src/debug/gengetopt-2.23-1/src/skels/clear_given.cc
/usr/src/debug/gengetopt-2.23-1/src/skels/clear_given.h
/usr/src/debug/gengetopt-2.23-1/src/skels/copyright.cc
/usr/src/debug/gengetopt-2.23-1/src/skels/copyright.h
/usr/src/debug/gengetopt-2.23-1/src/skels/custom_getopt_gen.cc
/usr/src/debug/gengetopt-2.23-1/src/skels/dependant_option.cc
/usr/src/debug/gengetopt-2.23-1/src/skels/dependant_option.h
/usr/src/debug/gengetopt-2.23-1/src/skels/enum_decl.cc
/usr/src/debug/gengetopt-2.23-1/src/skels/enum_decl.h
/usr/src/debug/gengetopt-2.23-1/src/skels/exit_failure.cc
/usr/src/debug/gengetopt-2.23-1/src/skels/exit_failure.h
/usr/src/debug/gengetopt-2.23-1/src/skels/file_save.cc
/usr/src/debug/gengetopt-2.23-1/src/skels/file_save.h
/usr/src/debug/gengetopt-2.23-1/src/skels/file_save_multiple.cc
/usr/src/debug/gengetopt-2.23-1/src/skels/file_save_multiple.h
/usr/src/debug/gengetopt-2.23-1/src/skels/free_list.cc
/usr/src/debug/gengetopt-2.23-1/src/skels/free_list.h
/usr/src/debug/gengetopt-2.23-1/src/skels/free_multiple.cc
/usr/src/debug/gengetopt-2.23-1/src/skels/free_multiple.h
/usr/src/debug/gengetopt-2.23-1/src/skels/free_string.cc
/usr/src/debug/gengetopt-2.23-1/src/skels/free_string.h
/usr/src/debug/gengetopt-2.23-1/src/skels/generic_option.cc
/usr/src/debug/gengetopt-2.23-1/src/skels/generic_option.h
/usr/src/debug/gengetopt-2.23-1/src/skels/given_field.cc
/usr/src/debug/gengetopt-2.23-1/src/skels/given_field.h
/usr/src/debug/gengetopt-2.23-1/src/skels/group_counter.cc
/usr/src/debug/gengetopt-2.23-1/src/skels/group_counter.h
/usr/src/debug/gengetopt-2.23-1/src/skels/group_option.cc
/usr/src/debug/gengetopt-2.23-1/src/skels/group_option.h
/usr/src/debug/gengetopt-2.23-1/src/skels/handle_help.cc
/usr/src/debug/gengetopt-2.23-1/src/skels/handle_help.h
/usr/src/debug/gengetopt-2.23-1/src/skels/handle_version.cc
/usr/src/debug/gengetopt-2.23-1/src/skels/handle_version.h
/usr/src/debug/gengetopt-2.23-1/src/skels/header.cc
/usr/src/debug/gengetopt-2.23-1/src/skels/header.h
/usr/src/debug/gengetopt-2.23-1/src/skels/init_args_info.cc
/usr/src/debug/gengetopt-2.23-1/src/skels/init_args_info.h
/usr/src/debug/gengetopt-2.23-1/src/skels/multiple_fill_array.cc
/usr/src/debug/gengetopt-2.23-1/src/skels/multiple_fill_array.h
/usr/src/debug/gengetopt-2.23-1/src/skels/multiple_opt_list.cc
/usr/src/debug/gengetopt-2.23-1/src/skels/multiple_opt_list.h
/usr/src/debug/gengetopt-2.23-1/src/skels/option_arg.cc
/usr/src/debug/gengetopt-2.23-1/src/skels/option_arg.h
/usr/src/debug/gengetopt-2.23-1/src/skels/print_help_string.cc
/usr/src/debug/gengetopt-2.23-1/src/skels/print_help_string.h
/usr/src/debug/gengetopt-2.23-1/src/skels/required_option.cc
/usr/src/debug/gengetopt-2.23-1/src/skels/required_option.h
/usr/src/debug/gengetopt-2.23-1/src/skels/reset_group.cc
/usr/src/debug/gengetopt-2.23-1/src/skels/reset_group.h
/usr/src/debug/gengetopt-2.23-1/src/skels/update_given.cc
/usr/src/debug/gengetopt-2.23-1/src/skels/update_given.h
/usr/src/debug/gengetopt-2.23-1/src/yyerror.cc
