This file contains any messages produced by compilers while
running configure, to aid debugging if configure makes a mistake.

It was created by GNU gengetopt configure 2.23, which was
generated by GNU Autoconf 2.69.  Invocation command line was

  $ /usr/local/src/cygwin-gengetopt/gengetopt-2.23-1.x86_64/src/gengetopt-2.23/configure --srcdir=/usr/local/src/cygwin-gengetopt/gengetopt-2.23-1.x86_64/src/gengetopt-2.23 --prefix=/usr --exec-prefix=/usr --localstatedir=/var --sysconfdir=/etc --docdir=/usr/share/doc/gengetopt --htmldir=/usr/share/doc/gengetopt/html -C --enable-shared --disable-static

## --------- ##
## Platform. ##
## --------- ##

hostname = DESKTOP-8CFRJAQ
uname -m = x86_64
uname -r = 3.1.7(0.340/5/3)
uname -s = CYGWIN_NT-10.0
uname -v = 2020-08-22 17:48

/usr/bin/uname -p = unknown
/bin/uname -X     = unknown

/bin/arch              = x86_64
/usr/bin/arch -k       = unknown
/usr/convex/getsysinfo = unknown
/usr/bin/hostinfo      = unknown
/bin/machine           = unknown
/usr/bin/oslevel       = unknown
/bin/universe          = unknown

PATH: /cygdrive/c/Program Files/Python39/Scripts
PATH: /cygdrive/c/Program Files/Python39
PATH: /usr/bin
PATH: /cygdrive/c/Windows/system32
PATH: /cygdrive/c/Windows
PATH: /cygdrive/c/Windows/System32/Wbem
PATH: /cygdrive/c/Windows/System32/WindowsPowerShell/v1.0
PATH: /cygdrive/c/Windows/System32/OpenSSH
PATH: /cygdrive/c/texlive/2020/bin/win32
PATH: /cygdrive/c/Program Files/Microsoft VS Code/bin
PATH: /cygdrive/c/Users/Rafel Amer/AppData/Local/Microsoft/WindowsApps
PATH: /cygdrive/c/Users/Rafel Amer/AppData/Local/atom/bin


## ----------- ##
## Core tests. ##
## ----------- ##

configure:2581: loading site script /usr/share/config.site
| # This is the config.site file to satisfy FHS defaults when installing below
| # /usr.
| #
| # You may override this file by your config.site using the CONFIG_SITE env
| # variable.
| 
| if test -n "$host"; then
|     # skip when cross-compiling
|     return 0
| fi
| 
| if test "$prefix" = /usr \
|    || { test "$prefix" = NONE && test "$ac_default_prefix" = /usr ; }
| then
|     test "$sysconfdir" = '${prefix}/etc' && sysconfdir=/etc || :
|     test "$sharedstatedir" = '${prefix}/com' && sharedstatedir=/var || :
|     test "$localstatedir" = '${prefix}/var' && localstatedir=/var || :
| fi
configure:2596: loading cache config.cache
configure:2734: checking for a BSD-compatible install
configure:2802: result: /usr/bin/install -c
configure:2813: checking whether build environment is sane
configure:2868: result: yes
configure:3019: checking for a thread-safe mkdir -p
configure:3058: result: /usr/bin/mkdir -p
configure:3066: checking for gawk
configure:3093: result: gawk
configure:3104: checking whether make sets $(MAKE)
configure:3126: result: yes
configure:3155: checking whether make supports nested variables
configure:3172: result: yes
configure:3261: checking whether UID '197609' is supported by ustar format
configure:3264: result: yes
configure:3271: checking whether GID '197121' is supported by ustar format
configure:3274: result: yes
configure:3282: checking how to create a ustar tar archive
configure:3293: tar --version
tar (GNU tar) 1.32
Packaged by Cygwin (1.32-2)
Copyright (C) 2019 Free Software Foundation, Inc.
License GPLv3+: GNU GPL version 3 or later <https://gnu.org/licenses/gpl.html>.
This is free software: you are free to change and redistribute it.
There is NO WARRANTY, to the extent permitted by law.

Written by John Gilmore and Jay Fenlason.
configure:3296: $? = 0
configure:3364: result: gnutar
configure:3469: checking for gcc
configure:3496: result: gcc
configure:3725: checking for C compiler version
configure:3734: gcc --version >&5
gcc (GCC) 10.2.0
Copyright (C) 2020 Free Software Foundation, Inc.
This is free software; see the source for copying conditions.  There is NO
warranty; not even for MERCHANTABILITY or FITNESS FOR A PARTICULAR PURPOSE.

configure:3745: $? = 0
configure:3734: gcc -v >&5
Using built-in specs.
COLLECT_GCC=gcc
COLLECT_LTO_WRAPPER=/usr/lib/gcc/x86_64-pc-cygwin/10/lto-wrapper.exe
Target: x86_64-pc-cygwin
Configured with: /mnt/share/cygpkgs/gcc/gcc.x86_64/src/gcc-10.2.0/configure --srcdir=/mnt/share/cygpkgs/gcc/gcc.x86_64/src/gcc-10.2.0 --prefix=/usr --exec-prefix=/usr --localstatedir=/var --sysconfdir=/etc --docdir=/usr/share/doc/gcc --htmldir=/usr/share/doc/gcc/html -C --build=x86_64-pc-cygwin --host=x86_64-pc-cygwin --target=x86_64-pc-cygwin --without-libiconv-prefix --without-libintl-prefix --libexecdir=/usr/lib --with-gcc-major-version-only --enable-shared --enable-shared-libgcc --enable-static --enable-version-specific-runtime-libs --enable-bootstrap --enable-__cxa_atexit --with-dwarf2 --with-tune=generic --enable-languages=c,c++,fortran,lto,objc,obj-c++ --enable-graphite --enable-threads=posix --enable-libatomic --enable-libgomp --enable-libquadmath --enable-libquadmath-support --disable-libssp --enable-libada --disable-symvers --with-gnu-ld --with-gnu-as --with-cloog-include=/usr/include/cloog-isl --without-libiconv-prefix --without-libintl-prefix --with-system-zlib --enable-linker-build-id --with-default-libstdcxx-abi=gcc4-compatible --enable-libstdcxx-filesystem-ts
Thread model: posix
Supported LTO compression algorithms: zlib zstd
gcc version 10.2.0 (GCC) 
configure:3745: $? = 0
configure:3734: gcc -V >&5
gcc: error: unrecognized command-line option '-V'
gcc: fatal error: no input files
compilation terminated.
configure:3745: $? = 1
configure:3734: gcc -qversion >&5
gcc: error: unrecognized command-line option '-qversion'; did you mean '--version'?
gcc: fatal error: no input files
compilation terminated.
configure:3745: $? = 1
configure:3765: checking whether the C compiler works
configure:3787: gcc -ggdb -O2 -pipe -Wall -Werror=format-security -Wp,-D_FORTIFY_SOURCE=2 -fstack-protector-strong --param=ssp-buffer-size=4 -fdebug-prefix-map=/usr/local/src/cygwin-gengetopt/gengetopt-2.23-1.x86_64/build=/usr/src/debug/gengetopt-2.23-1 -fdebug-prefix-map=/usr/local/src/cygwin-gengetopt/gengetopt-2.23-1.x86_64/src/gengetopt-2.23=/usr/src/debug/gengetopt-2.23-1   conftest.c  >&5
configure:3791: $? = 0
configure:3839: result: yes
configure:3842: checking for C compiler default output file name
configure:3844: result: a.exe
configure:3850: checking for suffix of executables
configure:3857: gcc -o conftest.exe -ggdb -O2 -pipe -Wall -Werror=format-security -Wp,-D_FORTIFY_SOURCE=2 -fstack-protector-strong --param=ssp-buffer-size=4 -fdebug-prefix-map=/usr/local/src/cygwin-gengetopt/gengetopt-2.23-1.x86_64/build=/usr/src/debug/gengetopt-2.23-1 -fdebug-prefix-map=/usr/local/src/cygwin-gengetopt/gengetopt-2.23-1.x86_64/src/gengetopt-2.23=/usr/src/debug/gengetopt-2.23-1   conftest.c  >&5
configure:3861: $? = 0
configure:3883: result: .exe
configure:3905: checking whether we are cross compiling
configure:3913: gcc -o conftest.exe -ggdb -O2 -pipe -Wall -Werror=format-security -Wp,-D_FORTIFY_SOURCE=2 -fstack-protector-strong --param=ssp-buffer-size=4 -fdebug-prefix-map=/usr/local/src/cygwin-gengetopt/gengetopt-2.23-1.x86_64/build=/usr/src/debug/gengetopt-2.23-1 -fdebug-prefix-map=/usr/local/src/cygwin-gengetopt/gengetopt-2.23-1.x86_64/src/gengetopt-2.23=/usr/src/debug/gengetopt-2.23-1   conftest.c  >&5
configure:3917: $? = 0
configure:3924: ./conftest.exe
configure:3928: $? = 0
configure:3943: result: no
configure:3948: checking for suffix of object files
configure:3995: result: o
configure:3999: checking whether we are using the GNU C compiler
configure:4027: result: yes
configure:4036: checking whether gcc accepts -g
configure:4097: result: yes
configure:4114: checking for gcc option to accept ISO C89
configure:4190: result: none needed
configure:4215: checking whether gcc understands -c and -o together
configure:4252: result: yes
configure:4272: checking whether make supports the include directive
configure:4287: make -f confmf.GNU && cat confinc.out
this is the am__doit target
configure:4290: $? = 0
configure:4309: result: yes (GNU style)
configure:4334: checking dependency style of gcc
configure:4445: result: gcc3
configure:4503: checking for ranlib
configure:4530: result: ranlib
configure:4556: checking build system type
configure:4570: result: x86_64-pc-cygwin
configure:4590: checking host system type
configure:4603: result: x86_64-pc-cygwin
configure:4629: checking how to run the C preprocessor
configure:4699: result: gcc -E
configure:4719: gcc -E  conftest.c
configure:4719: $? = 0
configure:4733: gcc -E  conftest.c
conftest.c:11:10: fatal error: ac_nonexistent.h: No such file or directory
   11 | #include <ac_nonexistent.h>
      |          ^~~~~~~~~~~~~~~~~~
compilation terminated.
configure:4733: $? = 1
configure: failed program was:
| /* confdefs.h */
| #define PACKAGE_NAME "GNU gengetopt"
| #define PACKAGE_TARNAME "gengetopt"
| #define PACKAGE_VERSION "2.23"
| #define PACKAGE_STRING "GNU gengetopt 2.23"
| #define PACKAGE_BUGREPORT ""
| #define PACKAGE_URL "http://www.gnu.org/software/gengetopt/"
| #define PACKAGE "gengetopt"
| #define VERSION "2.23"
| /* end confdefs.h.  */
| #include <ac_nonexistent.h>
configure:4762: checking for grep that handles long lines and -e
configure:4820: result: /usr/bin/grep
configure:4825: checking for egrep
configure:4887: result: /usr/bin/grep -E
configure:4892: checking for ANSI C header files
configure:4996: result: yes
configure:5009: checking for sys/types.h
configure:5009: result: yes
configure:5009: checking for sys/stat.h
configure:5009: result: yes
configure:5009: checking for stdlib.h
configure:5009: result: yes
configure:5009: checking for string.h
configure:5009: result: yes
configure:5009: checking for memory.h
configure:5009: result: yes
configure:5009: checking for strings.h
configure:5009: result: yes
configure:5009: checking for inttypes.h
configure:5009: result: yes
configure:5009: checking for stdint.h
configure:5009: result: yes
configure:5009: checking for unistd.h
configure:5009: result: yes
configure:5024: checking for minix/config.h
configure:5024: result: no
configure:5053: checking whether it is safe to define __EXTENSIONS__
configure:5078: result: yes
configure:5228: checking for C++ compiler version
configure:5237: g++ --version >&5
g++ (GCC) 10.2.0
Copyright (C) 2020 Free Software Foundation, Inc.
This is free software; see the source for copying conditions.  There is NO
warranty; not even for MERCHANTABILITY or FITNESS FOR A PARTICULAR PURPOSE.

configure:5248: $? = 0
configure:5237: g++ -v >&5
Using built-in specs.
COLLECT_GCC=g++
COLLECT_LTO_WRAPPER=/usr/lib/gcc/x86_64-pc-cygwin/10/lto-wrapper.exe
Target: x86_64-pc-cygwin
Configured with: /mnt/share/cygpkgs/gcc/gcc.x86_64/src/gcc-10.2.0/configure --srcdir=/mnt/share/cygpkgs/gcc/gcc.x86_64/src/gcc-10.2.0 --prefix=/usr --exec-prefix=/usr --localstatedir=/var --sysconfdir=/etc --docdir=/usr/share/doc/gcc --htmldir=/usr/share/doc/gcc/html -C --build=x86_64-pc-cygwin --host=x86_64-pc-cygwin --target=x86_64-pc-cygwin --without-libiconv-prefix --without-libintl-prefix --libexecdir=/usr/lib --with-gcc-major-version-only --enable-shared --enable-shared-libgcc --enable-static --enable-version-specific-runtime-libs --enable-bootstrap --enable-__cxa_atexit --with-dwarf2 --with-tune=generic --enable-languages=c,c++,fortran,lto,objc,obj-c++ --enable-graphite --enable-threads=posix --enable-libatomic --enable-libgomp --enable-libquadmath --enable-libquadmath-support --disable-libssp --enable-libada --disable-symvers --with-gnu-ld --with-gnu-as --with-cloog-include=/usr/include/cloog-isl --without-libiconv-prefix --without-libintl-prefix --with-system-zlib --enable-linker-build-id --with-default-libstdcxx-abi=gcc4-compatible --enable-libstdcxx-filesystem-ts
Thread model: posix
Supported LTO compression algorithms: zlib zstd
gcc version 10.2.0 (GCC) 
configure:5248: $? = 0
configure:5237: g++ -V >&5
g++: error: unrecognized command-line option '-V'
g++: fatal error: no input files
compilation terminated.
configure:5248: $? = 1
configure:5237: g++ -qversion >&5
g++: error: unrecognized command-line option '-qversion'; did you mean '--version'?
g++: fatal error: no input files
compilation terminated.
configure:5248: $? = 1
configure:5252: checking whether we are using the GNU C++ compiler
configure:5280: result: yes
configure:5289: checking whether g++ accepts -g
configure:5350: result: yes
configure:5375: checking dependency style of g++
configure:5486: result: gcc3
configure:5506: checking for bison
configure:5533: result: bison -y
configure:5592: checking how to print strings
configure:5619: result: printf
configure:5640: checking for a sed that does not truncate output
configure:5704: result: /usr/bin/sed
configure:5722: checking for fgrep
configure:5784: result: /usr/bin/grep -F
configure:5819: checking for ld used by gcc
configure:5886: result: /usr/x86_64-pc-cygwin/bin/ld.exe
configure:5893: checking if the linker (/usr/x86_64-pc-cygwin/bin/ld.exe) is GNU ld
configure:5908: result: yes
configure:5920: checking for BSD- or MS-compatible name lister (nm)
configure:5974: result: /usr/bin/nm -B
configure:6104: checking the name lister (/usr/bin/nm -B) interface
configure:6124: result: BSD nm
configure:6127: checking whether ln -s works
configure:6131: result: yes
configure:6139: checking the maximum length of command line arguments
configure:6270: result: 8192
configure:6318: checking how to convert x86_64-pc-cygwin file names to x86_64-pc-cygwin format
configure:6358: result: func_convert_file_noop
configure:6365: checking how to convert x86_64-pc-cygwin file names to toolchain format
configure:6385: result: func_convert_file_noop
configure:6392: checking for /usr/x86_64-pc-cygwin/bin/ld.exe option to reload object files
configure:6399: result: -r
configure:6473: checking for objdump
configure:6500: result: objdump
configure:6532: checking how to recognize dependent libraries
configure:6732: result: file_magic ^x86 archive import|^x86 DLL
configure:6817: checking for dlltool
configure:6844: result: dlltool
configure:6877: checking how to associate runtime and link libraries
configure:6904: result: func_cygming_dll_for_implib
configure:6964: checking for ar
configure:6991: result: ar
configure:7028: checking for archiver @FILE support
configure:7071: result: @
configure:7129: checking for strip
configure:7156: result: strip
configure:7228: checking for ranlib
configure:7255: result: ranlib
configure:7357: checking command to parse /usr/bin/nm -B output from gcc object
configure:7627: result: ok
configure:7674: checking for sysroot
configure:7704: result: no
configure:7711: checking for a working dd
configure:7749: result: /usr/bin/dd
configure:7753: checking how to truncate binary pipes
configure:7768: result: /usr/bin/dd bs=4096 count=1
configure:8097: checking for mt
configure:8127: result: no
configure:8147: checking if : is a manifest tool
configure:8161: result: no
configure:8835: checking for dlfcn.h
configure:8835: result: yes
configure:9102: checking for objdir
configure:9117: result: .libs
configure:9381: checking if gcc supports -fno-rtti -fno-exceptions
configure:9416: result: no
configure:9774: checking for gcc option to produce PIC
configure:9781: result: -DDLL_EXPORT -DPIC
configure:9789: checking if gcc PIC flag -DDLL_EXPORT -DPIC works
configure:9824: result: yes
configure:9853: checking if gcc static flag -static works
configure:9881: result: yes
configure:9896: checking if gcc supports -c -o file.o
configure:9943: result: yes
configure:9951: checking if gcc supports -c -o file.o
configure:9998: result: yes
configure:10031: checking whether the gcc linker (/usr/x86_64-pc-cygwin/bin/ld.exe) supports shared libraries
configure:11290: result: yes
configure:11327: checking whether -lc should be explicitly linked in
configure:11370: result: yes
configure:11530: checking dynamic linker characteristics
configure:12348: result: Win32 ld.exe
configure:12470: checking how to hardcode library paths into programs
configure:12495: result: immediate
configure:13043: checking whether stripping libraries is possible
configure:13048: result: yes
configure:13083: checking if libtool supports shared libraries
configure:13085: result: yes
configure:13088: checking whether to build shared libraries
configure:13113: result: yes
configure:13116: checking whether to build static libraries
configure:13120: result: no
configure:13143: checking how to run the C++ preprocessor
configure:13209: result: g++ -E
configure:13229: g++ -E  conftest.cpp
configure:13229: $? = 0
configure:13243: g++ -E  conftest.cpp
conftest.cpp:28:10: fatal error: ac_nonexistent.h: No such file or directory
   28 | #include <ac_nonexistent.h>
      |          ^~~~~~~~~~~~~~~~~~
compilation terminated.
configure:13243: $? = 1
configure: failed program was:
| /* confdefs.h */
| #define PACKAGE_NAME "GNU gengetopt"
| #define PACKAGE_TARNAME "gengetopt"
| #define PACKAGE_VERSION "2.23"
| #define PACKAGE_STRING "GNU gengetopt 2.23"
| #define PACKAGE_BUGREPORT ""
| #define PACKAGE_URL "http://www.gnu.org/software/gengetopt/"
| #define PACKAGE "gengetopt"
| #define VERSION "2.23"
| #define STDC_HEADERS 1
| #define HAVE_SYS_TYPES_H 1
| #define HAVE_SYS_STAT_H 1
| #define HAVE_STDLIB_H 1
| #define HAVE_STRING_H 1
| #define HAVE_MEMORY_H 1
| #define HAVE_STRINGS_H 1
| #define HAVE_INTTYPES_H 1
| #define HAVE_STDINT_H 1
| #define HAVE_UNISTD_H 1
| #define __EXTENSIONS__ 1
| #define _ALL_SOURCE 1
| #define _GNU_SOURCE 1
| #define _POSIX_PTHREAD_SEMANTICS 1
| #define _TANDEM_SOURCE 1
| #define HAVE_DLFCN_H 1
| #define LT_OBJDIR ".libs/"
| /* end confdefs.h.  */
| #include <ac_nonexistent.h>
configure:13405: checking for ld used by g++
configure:13472: result: /usr/x86_64-pc-cygwin/bin/ld.exe
configure:13479: checking if the linker (/usr/x86_64-pc-cygwin/bin/ld.exe) is GNU ld
configure:13494: result: yes
configure:13549: checking whether the g++ linker (/usr/x86_64-pc-cygwin/bin/ld.exe) supports shared libraries
configure:14622: result: yes
configure:14658: g++ -c -ggdb -O2 -pipe -Wall -Werror=format-security -Wp,-D_FORTIFY_SOURCE=2 -fstack-protector-strong --param=ssp-buffer-size=4 -fdebug-prefix-map=/usr/local/src/cygwin-gengetopt/gengetopt-2.23-1.x86_64/build=/usr/src/debug/gengetopt-2.23-1 -fdebug-prefix-map=/usr/local/src/cygwin-gengetopt/gengetopt-2.23-1.x86_64/src/gengetopt-2.23=/usr/src/debug/gengetopt-2.23-1  conftest.cpp >&5
configure:14661: $? = 0
configure:15142: checking for g++ option to produce PIC
configure:15149: result: -DDLL_EXPORT -DPIC
configure:15157: checking if g++ PIC flag -DDLL_EXPORT -DPIC works
configure:15192: result: yes
configure:15215: checking if g++ static flag -static works
configure:15243: result: yes
configure:15255: checking if g++ supports -c -o file.o
configure:15302: result: yes
configure:15307: checking if g++ supports -c -o file.o
configure:15354: result: yes
configure:15384: checking whether the g++ linker (/usr/x86_64-pc-cygwin/bin/ld.exe) supports shared libraries
configure:15424: result: yes
configure:15565: checking dynamic linker characteristics
configure:16310: result: Win32 ld.exe
configure:16375: checking how to hardcode library paths into programs
configure:16400: result: immediate
configure:16465: checking for flex
configure:16492: result: flex
configure:16530: flex conftest.l
configure:16534: $? = 0
configure:16536: checking lex output file root
configure:16550: result: lex.yy
configure:16555: checking lex library
configure:16579: result: -lfl
configure:16585: checking whether yytext is a pointer
configure:16610: result: yes
configure:16648: checking for size_t
configure:16648: result: yes
configure:16659: checking for long long int
configure:16686: result: yes
configure:16754: checking whether the compiler implements namespaces
configure:16791: result: yes
configure:16799: checking whether the compiler supports Standard Template Library
configure:16842: result: yes
configure:16850: checking whether the compiler has stringstream
configure:16891: result: yes
configure:16905: checking for ANSI C header files
configure:17009: result: yes
configure:17020: checking for malloc.h
configure:17020: result: yes
configure:17020: checking for strings.h
configure:17020: result: yes
configure:17020: checking for unistd.h
configure:17020: result: yes
configure:17020: checking for libintl.h
configure:17020: result: no
configure:17020: checking for stddef.h
configure:17020: result: yes
configure:17031: checking for an ANSI C-conforming const
configure:17104: result: yes
configure:17112: checking for inline
configure:17136: result: inline
configure:17154: checking for stdbool.h that conforms to C99
configure:17228: result: yes
configure:17230: checking for _Bool
configure:17230: result: yes
configure:17361: checking whether the preprocessor supports include_next
configure:17420: result: yes
configure:17449: checking for getopt.h
configure:17449: result: yes
configure:17449: checking for stddef.h
configure:17449: result: yes
configure:17449: checking for string.h
configure:17449: result: yes
configure:17449: checking for unistd.h
configure:17449: result: yes
configure:17545: checking for getopt.h
configure:17545: result: yes
configure:17562: checking for getopt_long_only
configure:17562: result: yes
configure:17576: checking whether optreset is declared
configure:17576: result: yes
configure:17608: checking whether getopt is POSIX compatible
configure:17727: result: yes
configure:17735: checking for working GNU getopt function
configure:17831: result: yes
configure:17839: checking whether getenv is declared
configure:17839: result: yes
configure:17907: checking for wchar_t
configure:17931: result: yes
configure:18018: checking for strdup
configure:18018: result: yes
configure:18032: checking whether strdup is declared
configure:18032: result: yes
configure:18044: checking for C/C++ restrict keyword
configure:18077: result: __restrict
configure:18161: checking whether memmem is declared without a macro
configure:18187: result: yes
configure:18161: checking whether mempcpy is declared without a macro
configure:18187: result: yes
configure:18161: checking whether memrchr is declared without a macro
configure:18187: result: yes
configure:18161: checking whether rawmemchr is declared without a macro
configure:18187: result: yes
configure:18161: checking whether stpcpy is declared without a macro
configure:18187: result: yes
configure:18161: checking whether stpncpy is declared without a macro
configure:18187: result: yes
configure:18161: checking whether strchrnul is declared without a macro
configure:18187: result: yes
configure:18161: checking whether strdup is declared without a macro
configure:18187: result: yes
configure:18161: checking whether strncat is declared without a macro
configure:18187: result: yes
configure:18161: checking whether strndup is declared without a macro
configure:18187: result: yes
configure:18161: checking whether strnlen is declared without a macro
configure:18187: result: yes
configure:18161: checking whether strpbrk is declared without a macro
configure:18187: result: yes
configure:18161: checking whether strsep is declared without a macro
configure:18187: result: yes
configure:18161: checking whether strcasestr is declared without a macro
configure:18187: result: yes
configure:18161: checking whether strtok_r is declared without a macro
configure:18187: result: yes
configure:18161: checking whether strsignal is declared without a macro
configure:18187: result: yes
configure:18161: checking whether strverscmp is declared without a macro
configure:18187: result: yes
configure:18303: checking whether NULL can be used in arbitrary expressions
configure:18328: result: yes
configure:18527: checking whether chown is declared without a macro
configure:18562: result: yes
configure:18527: checking whether dup2 is declared without a macro
configure:18562: result: yes
configure:18527: checking whether dup3 is declared without a macro
configure:18562: result: yes
configure:18527: checking whether environ is declared without a macro
configure:18562: result: yes
configure:18527: checking whether euidaccess is declared without a macro
configure:18562: result: yes
configure:18527: checking whether faccessat is declared without a macro
configure:18562: result: yes
configure:18527: checking whether fchdir is declared without a macro
configure:18562: result: yes
configure:18527: checking whether fchownat is declared without a macro
configure:18562: result: yes
configure:18527: checking whether fsync is declared without a macro
configure:18562: result: yes
configure:18527: checking whether ftruncate is declared without a macro
configure:18562: result: yes
configure:18527: checking whether getcwd is declared without a macro
configure:18562: result: yes
configure:18527: checking whether getdomainname is declared without a macro
configure:18562: result: yes
configure:18527: checking whether getdtablesize is declared without a macro
configure:18562: result: yes
configure:18527: checking whether getgroups is declared without a macro
configure:18562: result: yes
configure:18527: checking whether gethostname is declared without a macro
configure:18562: result: yes
configure:18527: checking whether getlogin is declared without a macro
configure:18562: result: yes
configure:18527: checking whether getlogin_r is declared without a macro
configure:18562: result: yes
configure:18527: checking whether getpagesize is declared without a macro
configure:18562: result: yes
configure:18527: checking whether getusershell is declared without a macro
configure:18562: result: yes
configure:18527: checking whether setusershell is declared without a macro
configure:18562: result: yes
configure:18527: checking whether endusershell is declared without a macro
configure:18562: result: yes
configure:18527: checking whether lchown is declared without a macro
configure:18562: result: yes
configure:18527: checking whether link is declared without a macro
configure:18562: result: yes
configure:18527: checking whether linkat is declared without a macro
configure:18562: result: yes
configure:18527: checking whether lseek is declared without a macro
configure:18562: result: yes
configure:18527: checking whether pipe2 is declared without a macro
configure:18562: result: yes
configure:18527: checking whether pread is declared without a macro
configure:18562: result: yes
configure:18527: checking whether pwrite is declared without a macro
configure:18562: result: yes
configure:18527: checking whether readlink is declared without a macro
configure:18562: result: yes
configure:18527: checking whether readlinkat is declared without a macro
configure:18562: result: yes
configure:18527: checking whether rmdir is declared without a macro
configure:18562: result: yes
configure:18527: checking whether sleep is declared without a macro
configure:18562: result: yes
configure:18527: checking whether symlink is declared without a macro
configure:18562: result: yes
configure:18527: checking whether symlinkat is declared without a macro
configure:18562: result: yes
configure:18527: checking whether ttyname_r is declared without a macro
configure:18562: result: yes
configure:18527: checking whether unlink is declared without a macro
configure:18562: result: yes
configure:18527: checking whether unlinkat is declared without a macro
configure:18562: result: yes
configure:18527: checking whether usleep is declared without a macro
configure:18562: result: yes
configure:18616: checking for tar
configure:18646: result: /usr/bin/tar
configure:18662: checking for valgrind
configure:18695: result: no
configure:18709: checking for help2man
configure:18742: result: no
configure:18945: checking that generated files are newer than configure
configure:18951: result: done
configure:19018: creating ./config.status

## ---------------------- ##
## Running config.status. ##
## ---------------------- ##

This file was extended by GNU gengetopt config.status 2.23, which was
generated by GNU Autoconf 2.69.  Invocation command line was

  CONFIG_FILES    = 
  CONFIG_HEADERS  = 
  CONFIG_LINKS    = 
  CONFIG_COMMANDS = 
  $ ./config.status 

on DESKTOP-8CFRJAQ

config.status:1508: creating Makefile
config.status:1508: creating doc/Makefile
config.status:1508: creating gl/Makefile
config.status:1508: creating src/Makefile
config.status:1508: creating src/skels/Makefile
config.status:1508: creating src/tests/Makefile
config.status:1508: creating tests/Makefile
config.status:1508: creating tests/test_conf.conf
config.status:1508: creating tests/test_conf_inc.conf
config.status:1508: creating tests/test_conf_parser_ov2.c
config.status:1508: creating tests/test_conf_parser_ov3.c
config.status:1508: creating tests/test_conf_parser_ov4.c
config.status:1508: creating tests/more_than_once.sh
config.status:1508: creating tests/no_optgiven.sh
config.status:1508: creating tests/test_all_opts.sh
config.status:1508: creating tests/test_all_opts_file_save.sh
config.status:1508: creating tests/test_conf_parser.sh
config.status:1508: creating tests/test_conf_parser_err.sh
config.status:1508: creating tests/test_conf_parser_err_string.sh
config.status:1508: creating tests/test_conf_parser_grp.sh
config.status:1508: creating tests/test_conf_parser_ov.sh
config.status:1508: creating tests/test_conf_parser_ov2.sh
config.status:1508: creating tests/test_conf_parser_ov3.sh
config.status:1508: creating tests/test_conf_parser_ov4.sh
config.status:1508: creating tests/test_conf_parser_save.sh
config.status:1508: creating tests/test_default_values.sh
config.status:1508: creating tests/test_dep.sh
config.status:1508: creating tests/test_groups.sh
config.status:1508: creating tests/test_manual_help.sh
config.status:1508: creating tests/test_manual_help_args.sh
config.status:1508: creating tests/test_modes.sh
config.status:1508: creating tests/test_multiple.sh
config.status:1508: creating tests/test_multiple_err.sh
config.status:1508: creating tests/test_multiple_parsers.sh
config.status:1508: creating tests/test_output_dir.sh
config.status:1508: creating tests/test_output_dirs.sh
config.status:1508: creating tests/test_sections.sh
config.status:1508: creating tests/test_show_help.sh
config.status:1508: creating tests/test_simple_multiple.sh
config.status:1508: creating tests/test_simple_multiple_default.sh
config.status:1508: creating tests/test_unamed.sh
config.status:1508: creating tests/test_unnamed.sh
config.status:1508: creating tests/test_values.sh
config.status:1508: creating tests/test_values_err.sh
config.status:1508: creating tests/test_wrong_ggo.sh
config.status:1508: creating tests/valgrind_tests.sh
config.status:1508: creating config.h
config.status:1674: config.h is unchanged
config.status:1722: executing depfiles commands
config.status:1799: cd doc       && sed -e '/# am--include-marker/d' Makefile         | make -f - am--depfiles
make: Nothing to be done for 'am--depfiles'.
config.status:1804: $? = 0
config.status:1799: cd gl       && sed -e '/# am--include-marker/d' Makefile         | make -f - am--depfiles
make: Nothing to be done for 'am--depfiles'.
config.status:1804: $? = 0
config.status:1799: cd src       && sed -e '/# am--include-marker/d' Makefile         | make -f - am--depfiles
make: Nothing to be done for 'am--depfiles'.
config.status:1804: $? = 0
config.status:1799: cd src/skels       && sed -e '/# am--include-marker/d' Makefile         | make -f - am--depfiles
make: Nothing to be done for 'am--depfiles'.
config.status:1804: $? = 0
config.status:1799: cd src/tests       && sed -e '/# am--include-marker/d' Makefile         | make -f - am--depfiles
make: Nothing to be done for 'am--depfiles'.
config.status:1804: $? = 0
config.status:1799: cd tests       && sed -e '/# am--include-marker/d' Makefile         | make -f - am--depfiles
make: Nothing to be done for 'am--depfiles'.
config.status:1804: $? = 0
config.status:1722: executing libtool commands

## ---------------- ##
## Cache variables. ##
## ---------------- ##

ac_cv_build=x86_64-pc-cygwin
ac_cv_c_compiler_gnu=yes
ac_cv_c_const=yes
ac_cv_c_inline=inline
ac_cv_c_long_long=yes
ac_cv_c_restrict=__restrict
ac_cv_cxx_compiler_gnu=yes
ac_cv_cxx_have_sstream=yes
ac_cv_cxx_have_stl=yes
ac_cv_cxx_namespaces=yes
ac_cv_env_CCC_set=
ac_cv_env_CCC_value=
ac_cv_env_CC_set=set
ac_cv_env_CC_value=gcc
ac_cv_env_CFLAGS_set=set
ac_cv_env_CFLAGS_value='-ggdb -O2 -pipe -Wall -Werror=format-security -Wp,-D_FORTIFY_SOURCE=2 -fstack-protector-strong --param=ssp-buffer-size=4 -fdebug-prefix-map=/usr/local/src/cygwin-gengetopt/gengetopt-2.23-1.x86_64/build=/usr/src/debug/gengetopt-2.23-1 -fdebug-prefix-map=/usr/local/src/cygwin-gengetopt/gengetopt-2.23-1.x86_64/src/gengetopt-2.23=/usr/src/debug/gengetopt-2.23-1'
ac_cv_env_CPPFLAGS_set=set
ac_cv_env_CPPFLAGS_value=
ac_cv_env_CPP_set=
ac_cv_env_CPP_value=
ac_cv_env_CXXCPP_set=
ac_cv_env_CXXCPP_value=
ac_cv_env_CXXFLAGS_set=set
ac_cv_env_CXXFLAGS_value='-ggdb -O2 -pipe -Wall -Werror=format-security -Wp,-D_FORTIFY_SOURCE=2 -fstack-protector-strong --param=ssp-buffer-size=4 -fdebug-prefix-map=/usr/local/src/cygwin-gengetopt/gengetopt-2.23-1.x86_64/build=/usr/src/debug/gengetopt-2.23-1 -fdebug-prefix-map=/usr/local/src/cygwin-gengetopt/gengetopt-2.23-1.x86_64/src/gengetopt-2.23=/usr/src/debug/gengetopt-2.23-1'
ac_cv_env_CXX_set=set
ac_cv_env_CXX_value=g++
ac_cv_env_LDFLAGS_set=set
ac_cv_env_LDFLAGS_value=
ac_cv_env_LIBS_set=set
ac_cv_env_LIBS_value=
ac_cv_env_LT_SYS_LIBRARY_PATH_set=
ac_cv_env_LT_SYS_LIBRARY_PATH_value=
ac_cv_env_YACC_set=
ac_cv_env_YACC_value=
ac_cv_env_YFLAGS_set=
ac_cv_env_YFLAGS_value=
ac_cv_env_build_alias_set=
ac_cv_env_build_alias_value=
ac_cv_env_host_alias_set=
ac_cv_env_host_alias_value=
ac_cv_env_target_alias_set=
ac_cv_env_target_alias_value=
ac_cv_exeext=.exe
ac_cv_func_getopt_long_only=yes
ac_cv_func_mmap_fixed_mapped=yes
ac_cv_func_strdup=yes
ac_cv_have_decl_chown=yes
ac_cv_have_decl_dup2=yes
ac_cv_have_decl_dup3=yes
ac_cv_have_decl_endusershell=yes
ac_cv_have_decl_environ=yes
ac_cv_have_decl_euidaccess=yes
ac_cv_have_decl_faccessat=yes
ac_cv_have_decl_fchdir=yes
ac_cv_have_decl_fchownat=yes
ac_cv_have_decl_fsync=yes
ac_cv_have_decl_ftruncate=yes
ac_cv_have_decl_getcwd=yes
ac_cv_have_decl_getdomainname=yes
ac_cv_have_decl_getdtablesize=yes
ac_cv_have_decl_getenv=yes
ac_cv_have_decl_getgroups=yes
ac_cv_have_decl_gethostname=yes
ac_cv_have_decl_getlogin=yes
ac_cv_have_decl_getlogin_r=yes
ac_cv_have_decl_getpagesize=yes
ac_cv_have_decl_getusershell=yes
ac_cv_have_decl_lchown=yes
ac_cv_have_decl_link=yes
ac_cv_have_decl_linkat=yes
ac_cv_have_decl_lseek=yes
ac_cv_have_decl_memmem=yes
ac_cv_have_decl_mempcpy=yes
ac_cv_have_decl_memrchr=yes
ac_cv_have_decl_optreset=yes
ac_cv_have_decl_pipe2=yes
ac_cv_have_decl_pread=yes
ac_cv_have_decl_pwrite=yes
ac_cv_have_decl_rawmemchr=yes
ac_cv_have_decl_readlink=yes
ac_cv_have_decl_readlinkat=yes
ac_cv_have_decl_rmdir=yes
ac_cv_have_decl_setusershell=yes
ac_cv_have_decl_sleep=yes
ac_cv_have_decl_stpcpy=yes
ac_cv_have_decl_stpncpy=yes
ac_cv_have_decl_strcasestr=yes
ac_cv_have_decl_strchrnul=yes
ac_cv_have_decl_strdup=yes
ac_cv_have_decl_strncat=yes
ac_cv_have_decl_strndup=yes
ac_cv_have_decl_strnlen=yes
ac_cv_have_decl_strpbrk=yes
ac_cv_have_decl_strsep=yes
ac_cv_have_decl_strsignal=yes
ac_cv_have_decl_strtok_r=yes
ac_cv_have_decl_strverscmp=yes
ac_cv_have_decl_symlink=yes
ac_cv_have_decl_symlinkat=yes
ac_cv_have_decl_ttyname_r=yes
ac_cv_have_decl_unlink=yes
ac_cv_have_decl_unlinkat=yes
ac_cv_have_decl_usleep=yes
ac_cv_header_dlfcn_h=yes
ac_cv_header_getopt_h=yes
ac_cv_header_inttypes_h=yes
ac_cv_header_libintl_h=no
ac_cv_header_malloc_h=yes
ac_cv_header_memory_h=yes
ac_cv_header_minix_config_h=no
ac_cv_header_stdbool_h=yes
ac_cv_header_stdc=yes
ac_cv_header_stddef_h=yes
ac_cv_header_stdint_h=yes
ac_cv_header_stdlib_h=yes
ac_cv_header_string_h=yes
ac_cv_header_strings_h=yes
ac_cv_header_sys_stat_h=yes
ac_cv_header_sys_types_h=yes
ac_cv_header_unistd_h=yes
ac_cv_host=x86_64-pc-cygwin
ac_cv_lib_lex=-lfl
ac_cv_objext=o
ac_cv_path_EGREP='/usr/bin/grep -E'
ac_cv_path_FGREP='/usr/bin/grep -F'
ac_cv_path_GREP=/usr/bin/grep
ac_cv_path_SED=/usr/bin/sed
ac_cv_path_TAR=/usr/bin/tar
ac_cv_path_install='/usr/bin/install -c'
ac_cv_path_lt_DD=/usr/bin/dd
ac_cv_path_mkdir=/usr/bin/mkdir
ac_cv_prog_AWK=gawk
ac_cv_prog_CPP='gcc -E'
ac_cv_prog_CXXCPP='g++ -E'
ac_cv_prog_LEX=flex
ac_cv_prog_YACC='bison -y'
ac_cv_prog_ac_ct_AR=ar
ac_cv_prog_ac_ct_CC=gcc
ac_cv_prog_ac_ct_DLLTOOL=dlltool
ac_cv_prog_ac_ct_OBJDUMP=objdump
ac_cv_prog_ac_ct_RANLIB=ranlib
ac_cv_prog_ac_ct_STRIP=strip
ac_cv_prog_cc_c89=
ac_cv_prog_cc_g=yes
ac_cv_prog_cxx_g=yes
ac_cv_prog_lex_root=lex.yy
ac_cv_prog_lex_yytext_pointer=yes
ac_cv_prog_make_make_set=yes
ac_cv_safe_to_define___extensions__=yes
ac_cv_type__Bool=yes
ac_cv_type_size_t=yes
am_cv_CC_dependencies_compiler_type=gcc3
am_cv_CXX_dependencies_compiler_type=gcc3
am_cv_make_support_nested_variables=yes
am_cv_prog_cc_c_o=yes
am_cv_prog_tar_ustar=gnutar
gl_cv_decl_null_works=yes
gl_cv_func_getopt_gnu=yes
gl_cv_func_getopt_posix=yes
gl_cv_have_include_next=yes
gl_cv_have_raw_decl_chown=yes
gl_cv_have_raw_decl_dup2=yes
gl_cv_have_raw_decl_dup3=yes
gl_cv_have_raw_decl_endusershell=yes
gl_cv_have_raw_decl_environ=yes
gl_cv_have_raw_decl_euidaccess=yes
gl_cv_have_raw_decl_faccessat=yes
gl_cv_have_raw_decl_fchdir=yes
gl_cv_have_raw_decl_fchownat=yes
gl_cv_have_raw_decl_fsync=yes
gl_cv_have_raw_decl_ftruncate=yes
gl_cv_have_raw_decl_getcwd=yes
gl_cv_have_raw_decl_getdomainname=yes
gl_cv_have_raw_decl_getdtablesize=yes
gl_cv_have_raw_decl_getgroups=yes
gl_cv_have_raw_decl_gethostname=yes
gl_cv_have_raw_decl_getlogin=yes
gl_cv_have_raw_decl_getlogin_r=yes
gl_cv_have_raw_decl_getpagesize=yes
gl_cv_have_raw_decl_getusershell=yes
gl_cv_have_raw_decl_lchown=yes
gl_cv_have_raw_decl_link=yes
gl_cv_have_raw_decl_linkat=yes
gl_cv_have_raw_decl_lseek=yes
gl_cv_have_raw_decl_memmem=yes
gl_cv_have_raw_decl_mempcpy=yes
gl_cv_have_raw_decl_memrchr=yes
gl_cv_have_raw_decl_pipe2=yes
gl_cv_have_raw_decl_pread=yes
gl_cv_have_raw_decl_pwrite=yes
gl_cv_have_raw_decl_rawmemchr=yes
gl_cv_have_raw_decl_readlink=yes
gl_cv_have_raw_decl_readlinkat=yes
gl_cv_have_raw_decl_rmdir=yes
gl_cv_have_raw_decl_setusershell=yes
gl_cv_have_raw_decl_sleep=yes
gl_cv_have_raw_decl_stpcpy=yes
gl_cv_have_raw_decl_stpncpy=yes
gl_cv_have_raw_decl_strcasestr=yes
gl_cv_have_raw_decl_strchrnul=yes
gl_cv_have_raw_decl_strdup=yes
gl_cv_have_raw_decl_strncat=yes
gl_cv_have_raw_decl_strndup=yes
gl_cv_have_raw_decl_strnlen=yes
gl_cv_have_raw_decl_strpbrk=yes
gl_cv_have_raw_decl_strsep=yes
gl_cv_have_raw_decl_strsignal=yes
gl_cv_have_raw_decl_strtok_r=yes
gl_cv_have_raw_decl_strverscmp=yes
gl_cv_have_raw_decl_symlink=yes
gl_cv_have_raw_decl_symlinkat=yes
gl_cv_have_raw_decl_ttyname_r=yes
gl_cv_have_raw_decl_unlink=yes
gl_cv_have_raw_decl_unlinkat=yes
gl_cv_have_raw_decl_usleep=yes
gl_cv_next_getopt_h='<getopt.h>'
gl_cv_next_string_h='<string.h>'
gl_cv_next_unistd_h='<unistd.h>'
gt_cv_c_wchar_t=yes
lt_cv_ar_at_file=@
lt_cv_archive_cmds_need_lc=yes
lt_cv_deplibs_check_method='file_magic ^x86 archive import|^x86 DLL'
lt_cv_file_magic_cmd=func_win32_libid
lt_cv_file_magic_test_file=
lt_cv_ld_reload_flag=-r
lt_cv_nm_interface='BSD nm'
lt_cv_objdir=.libs
lt_cv_path_LD=/usr/x86_64-pc-cygwin/bin/ld.exe
lt_cv_path_LDCXX=/usr/x86_64-pc-cygwin/bin/ld.exe
lt_cv_path_NM='/usr/bin/nm -B'
lt_cv_path_mainfest_tool=no
lt_cv_prog_compiler_c_o=yes
lt_cv_prog_compiler_c_o_CXX=yes
lt_cv_prog_compiler_pic='-DDLL_EXPORT -DPIC'
lt_cv_prog_compiler_pic_CXX='-DDLL_EXPORT -DPIC'
lt_cv_prog_compiler_pic_works=yes
lt_cv_prog_compiler_pic_works_CXX=yes
lt_cv_prog_compiler_rtti_exceptions=no
lt_cv_prog_compiler_static_works=yes
lt_cv_prog_compiler_static_works_CXX=yes
lt_cv_prog_gnu_ld=yes
lt_cv_prog_gnu_ldcxx=yes
lt_cv_sharedlib_from_linklib_cmd=func_cygming_dll_for_implib
lt_cv_sys_global_symbol_pipe='sed -n -e '\''s/^.*[	 ]\([ABCDGIRSTW][ABCDGIRSTW]*\)[	 ][	 ]*\([_A-Za-z][_A-Za-z0-9]*\)$/\1 \2 \2/p'\'' | sed '\''/ __gnu_lto/d'\'''
lt_cv_sys_global_symbol_to_c_name_address='sed -n -e '\''s/^: \(.*\) .*$/  {"\1", (void *) 0},/p'\'' -e '\''s/^[ABCDGIRSTW][ABCDGIRSTW]* .* \(.*\)$/  {"\1", (void *) \&\1},/p'\'''
lt_cv_sys_global_symbol_to_c_name_address_lib_prefix='sed -n -e '\''s/^: \(.*\) .*$/  {"\1", (void *) 0},/p'\'' -e '\''s/^[ABCDGIRSTW][ABCDGIRSTW]* .* \(lib.*\)$/  {"\1", (void *) \&\1},/p'\'' -e '\''s/^[ABCDGIRSTW][ABCDGIRSTW]* .* \(.*\)$/  {"lib\1", (void *) \&\1},/p'\'''
lt_cv_sys_global_symbol_to_cdecl='sed -n -e '\''s/^T .* \(.*\)$/extern int \1();/p'\'' -e '\''s/^[ABCDGIRSTW][ABCDGIRSTW]* .* \(.*\)$/extern char \1;/p'\'''
lt_cv_sys_global_symbol_to_import=
lt_cv_sys_max_cmd_len=8192
lt_cv_to_host_file_cmd=func_convert_file_noop
lt_cv_to_tool_file_cmd=func_convert_file_noop
lt_cv_truncate_bin='/usr/bin/dd bs=4096 count=1'

## ----------------- ##
## Output variables. ##
## ----------------- ##

ACLOCAL='aclocal'
AMDEPBACKSLASH='\'
AMDEP_FALSE='#'
AMDEP_TRUE=''
AMTAR='$${TAR-tar}'
AM_BACKSLASH='\'
AM_DEFAULT_V='$(AM_DEFAULT_VERBOSITY)'
AM_DEFAULT_VERBOSITY='1'
AM_V='$(V)'
AR='ar'
AUTOCONF='${SHELL} /usr/local/src/cygwin-gengetopt/gengetopt-2.23-1.x86_64/src/gengetopt-2.23/build-aux/missing autoconf'
AUTOHEADER='${SHELL} /usr/local/src/cygwin-gengetopt/gengetopt-2.23-1.x86_64/src/gengetopt-2.23/build-aux/missing autoheader'
AUTOMAKE='${SHELL} /usr/local/src/cygwin-gengetopt/gengetopt-2.23-1.x86_64/src/gengetopt-2.23/build-aux/missing automake-1.16'
AWK='gawk'
CC='gcc'
CCDEPMODE='depmode=gcc3'
CFLAGS='-ggdb -O2 -pipe -Wall -Werror=format-security -Wp,-D_FORTIFY_SOURCE=2 -fstack-protector-strong --param=ssp-buffer-size=4 -fdebug-prefix-map=/usr/local/src/cygwin-gengetopt/gengetopt-2.23-1.x86_64/build=/usr/src/debug/gengetopt-2.23-1 -fdebug-prefix-map=/usr/local/src/cygwin-gengetopt/gengetopt-2.23-1.x86_64/src/gengetopt-2.23=/usr/src/debug/gengetopt-2.23-1'
CPP='gcc -E'
CPPFLAGS=''
CXX='g++'
CXXCPP='g++ -E'
CXXDEPMODE='depmode=gcc3'
CXXFLAGS='-ggdb -O2 -pipe -Wall -Werror=format-security -Wp,-D_FORTIFY_SOURCE=2 -fstack-protector-strong --param=ssp-buffer-size=4 -fdebug-prefix-map=/usr/local/src/cygwin-gengetopt/gengetopt-2.23-1.x86_64/build=/usr/src/debug/gengetopt-2.23-1 -fdebug-prefix-map=/usr/local/src/cygwin-gengetopt/gengetopt-2.23-1.x86_64/src/gengetopt-2.23=/usr/src/debug/gengetopt-2.23-1'
CYGPATH_W='cygpath -w'
DEFS='-DHAVE_CONFIG_H'
DEPDIR='.deps'
DLLTOOL='dlltool'
DSYMUTIL=''
DUMPBIN=''
ECHO_C=''
ECHO_N='-n'
ECHO_T=''
EGREP='/usr/bin/grep -E'
EXEEXT='.exe'
FGREP='/usr/bin/grep -F'
GENGEN='gengen'
GENGETOPT='gengetopt'
GETOPT_H=''
GL_COND_LIBTOOL_FALSE='#'
GL_COND_LIBTOOL_TRUE=''
GNULIB_CHOWN='0'
GNULIB_CLOSE='0'
GNULIB_DUP2='0'
GNULIB_DUP3='0'
GNULIB_ENVIRON='0'
GNULIB_EUIDACCESS='0'
GNULIB_FACCESSAT='0'
GNULIB_FCHDIR='0'
GNULIB_FCHOWNAT='0'
GNULIB_FSYNC='0'
GNULIB_FTRUNCATE='0'
GNULIB_GETCWD='0'
GNULIB_GETDOMAINNAME='0'
GNULIB_GETDTABLESIZE='0'
GNULIB_GETGROUPS='0'
GNULIB_GETHOSTNAME='0'
GNULIB_GETLOGIN='0'
GNULIB_GETLOGIN_R='0'
GNULIB_GETPAGESIZE='0'
GNULIB_GETUSERSHELL='0'
GNULIB_LCHOWN='0'
GNULIB_LINK='0'
GNULIB_LINKAT='0'
GNULIB_LSEEK='0'
GNULIB_MBSCASECMP='0'
GNULIB_MBSCASESTR='0'
GNULIB_MBSCHR='0'
GNULIB_MBSCSPN='0'
GNULIB_MBSLEN='0'
GNULIB_MBSNCASECMP='0'
GNULIB_MBSNLEN='0'
GNULIB_MBSPBRK='0'
GNULIB_MBSPCASECMP='0'
GNULIB_MBSRCHR='0'
GNULIB_MBSSEP='0'
GNULIB_MBSSPN='0'
GNULIB_MBSSTR='0'
GNULIB_MBSTOK_R='0'
GNULIB_MEMCHR='0'
GNULIB_MEMMEM='0'
GNULIB_MEMPCPY='0'
GNULIB_MEMRCHR='0'
GNULIB_PIPE2='0'
GNULIB_PREAD='0'
GNULIB_PWRITE='0'
GNULIB_RAWMEMCHR='0'
GNULIB_READLINK='0'
GNULIB_READLINKAT='0'
GNULIB_RMDIR='0'
GNULIB_SLEEP='0'
GNULIB_STPCPY='0'
GNULIB_STPNCPY='0'
GNULIB_STRCASESTR='0'
GNULIB_STRCHRNUL='0'
GNULIB_STRDUP='1'
GNULIB_STRERROR='0'
GNULIB_STRNCAT='0'
GNULIB_STRNDUP='0'
GNULIB_STRNLEN='0'
GNULIB_STRPBRK='0'
GNULIB_STRSEP='0'
GNULIB_STRSIGNAL='0'
GNULIB_STRSTR='0'
GNULIB_STRTOK_R='0'
GNULIB_STRVERSCMP='0'
GNULIB_SYMLINK='0'
GNULIB_SYMLINKAT='0'
GNULIB_TTYNAME_R='0'
GNULIB_UNISTD_H_GETOPT='0'
GNULIB_UNISTD_H_SIGPIPE='0'
GNULIB_UNLINK='0'
GNULIB_UNLINKAT='0'
GNULIB_USLEEP='0'
GNULIB_WRITE='0'
GREP='/usr/bin/grep'
HAVE_CHOWN='1'
HAVE_DECL_ENVIRON='1'
HAVE_DECL_GETLOGIN_R='1'
HAVE_DECL_GETPAGESIZE='1'
HAVE_DECL_GETUSERSHELL='1'
HAVE_DECL_MEMMEM='1'
HAVE_DECL_MEMRCHR='1'
HAVE_DECL_STRDUP='1'
HAVE_DECL_STRNDUP='1'
HAVE_DECL_STRNLEN='1'
HAVE_DECL_STRSIGNAL='1'
HAVE_DECL_STRTOK_R='1'
HAVE_DUP2='1'
HAVE_DUP3='1'
HAVE_EUIDACCESS='1'
HAVE_FACCESSAT='1'
HAVE_FCHDIR='1'
HAVE_FCHOWNAT='1'
HAVE_FSYNC='1'
HAVE_FTRUNCATE='1'
HAVE_GETDOMAINNAME='1'
HAVE_GETDTABLESIZE='1'
HAVE_GETGROUPS='1'
HAVE_GETHOSTNAME='1'
HAVE_GETLOGIN='1'
HAVE_GETOPT_H='1'
HAVE_GETPAGESIZE='1'
HAVE_LCHOWN='1'
HAVE_LINK='1'
HAVE_LINKAT='1'
HAVE_MBSLEN='0'
HAVE_MEMCHR='1'
HAVE_MEMPCPY='1'
HAVE_OS_H='0'
HAVE_PIPE2='1'
HAVE_PREAD='1'
HAVE_PWRITE='1'
HAVE_RAWMEMCHR='1'
HAVE_READLINK='1'
HAVE_READLINKAT='1'
HAVE_SLEEP='1'
HAVE_STPCPY='1'
HAVE_STPNCPY='1'
HAVE_STRCASESTR='1'
HAVE_STRCHRNUL='1'
HAVE_STRPBRK='1'
HAVE_STRSEP='1'
HAVE_STRVERSCMP='1'
HAVE_SYMLINK='1'
HAVE_SYMLINKAT='1'
HAVE_SYS_PARAM_H='0'
HAVE_TTYNAME_R='1'
HAVE_UNISTD_H='1'
HAVE_UNLINKAT='1'
HAVE_USLEEP='1'
HAVE_WCHAR_T='1'
HELP2MAN=':'
INCLUDE_NEXT='include_next'
INCLUDE_NEXT_AS_FIRST_DIRECTIVE='include_next'
INSTALL_DATA='${INSTALL} -m 644'
INSTALL_PROGRAM='${INSTALL}'
INSTALL_SCRIPT='${INSTALL}'
INSTALL_STRIP_PROGRAM='$(install_sh) -c -s'
LD='/usr/x86_64-pc-cygwin/bin/ld.exe'
LDFLAGS=''
LEX='flex'
LEXLIB='-lfl'
LEX_OUTPUT_ROOT='lex.yy'
LIBINTL=''
LIBOBJS=''
LIBS=''
LIBTOOL='$(SHELL) $(top_builddir)/libtool'
LIPO=''
LN_S='ln -s'
LTLIBINTL=''
LTLIBOBJS=''
LT_SYS_LIBRARY_PATH=''
MAKEINFO='${SHELL} /usr/local/src/cygwin-gengetopt/gengetopt-2.23-1.x86_64/src/gengetopt-2.23/build-aux/missing makeinfo'
MANIFEST_TOOL=':'
MKDIR_P='/usr/bin/mkdir -p'
NEXT_AS_FIRST_DIRECTIVE_GETOPT_H='<getopt.h>'
NEXT_AS_FIRST_DIRECTIVE_STDDEF_H=''
NEXT_AS_FIRST_DIRECTIVE_STRING_H='<string.h>'
NEXT_AS_FIRST_DIRECTIVE_UNISTD_H='<unistd.h>'
NEXT_GETOPT_H='<getopt.h>'
NEXT_STDDEF_H=''
NEXT_STRING_H='<string.h>'
NEXT_UNISTD_H='<unistd.h>'
NM='/usr/bin/nm -B'
NMEDIT=''
NO_CROSSCOMPILING_FALSE='#'
NO_CROSSCOMPILING_TRUE=''
OBJDUMP='objdump'
OBJEXT='o'
OTOOL64=''
OTOOL=''
PACKAGE='gengetopt'
PACKAGE_BUGREPORT=''
PACKAGE_NAME='GNU gengetopt'
PACKAGE_STRING='GNU gengetopt 2.23'
PACKAGE_TARNAME='gengetopt'
PACKAGE_URL='http://www.gnu.org/software/gengetopt/'
PACKAGE_VERSION='2.23'
PATH_SEPARATOR=':'
PRAGMA_SYSTEM_HEADER='#pragma GCC system_header'
RANLIB='ranlib'
REPLACE_CHOWN='0'
REPLACE_CLOSE='0'
REPLACE_DUP2='0'
REPLACE_DUP='0'
REPLACE_FCHOWNAT='0'
REPLACE_GETCWD='0'
REPLACE_GETGROUPS='0'
REPLACE_GETPAGESIZE='0'
REPLACE_LCHOWN='0'
REPLACE_LINK='0'
REPLACE_LINKAT='0'
REPLACE_LSEEK='0'
REPLACE_MEMCHR='0'
REPLACE_MEMMEM='0'
REPLACE_NULL='0'
REPLACE_PREAD='0'
REPLACE_PWRITE='0'
REPLACE_READLINK='0'
REPLACE_RMDIR='0'
REPLACE_SLEEP='0'
REPLACE_STPNCPY='0'
REPLACE_STRCASESTR='0'
REPLACE_STRDUP='0'
REPLACE_STRERROR='0'
REPLACE_STRNCAT='0'
REPLACE_STRNDUP='0'
REPLACE_STRNLEN='0'
REPLACE_STRSIGNAL='0'
REPLACE_STRSTR='0'
REPLACE_STRTOK_R='0'
REPLACE_SYMLINK='0'
REPLACE_TTYNAME_R='0'
REPLACE_UNLINK='0'
REPLACE_UNLINKAT='0'
REPLACE_USLEEP='0'
REPLACE_WRITE='0'
SED='/usr/bin/sed'
SET_MAKE=''
SHELL='/bin/sh'
STDDEF_H=''
STRIP='strip'
TAR='/usr/bin/tar'
UNDEFINE_STRTOK_R='0'
UNISTD_H_HAVE_WINSOCK2_H='0'
UNISTD_H_HAVE_WINSOCK2_H_AND_USE_SOCKETS='0'
VALGRIND=':'
VERSION='2.23'
YACC='bison -y'
YFLAGS=' -d -v'
ac_ct_AR='ar'
ac_ct_CC='gcc'
ac_ct_CXX=''
ac_ct_DUMPBIN=''
am__EXEEXT_FALSE='#'
am__EXEEXT_TRUE=''
am__fastdepCC_FALSE='#'
am__fastdepCC_TRUE=''
am__fastdepCXX_FALSE='#'
am__fastdepCXX_TRUE=''
am__include='include'
am__isrc=' -I$(srcdir)'
am__leading_dot='.'
am__nodep='_no'
am__quote=''
am__tar='tar --format=ustar -chf - "$$tardir"'
am__untar='tar -xf -'
bindir='${exec_prefix}/bin'
build='x86_64-pc-cygwin'
build_alias=''
build_cpu='x86_64'
build_os='cygwin'
build_vendor='pc'
datadir='${datarootdir}'
datarootdir='${prefix}/share'
docdir='/usr/share/doc/gengetopt'
dvidir='${docdir}'
exec_prefix='/usr'
gengetoptdocdir='/usr/share/doc/gengetopt'
gengetoptexamplesdir='/usr/share/doc/gengetopt/examples'
gl_LIBOBJS=''
gl_LTLIBOBJS=''
gltests_LIBOBJS=''
gltests_LTLIBOBJS=''
gltests_WITNESS='IN_GENGETOPT_GNULIB_TESTS'
host='x86_64-pc-cygwin'
host_alias=''
host_cpu='x86_64'
host_os='cygwin'
host_vendor='pc'
htmldir='/usr/share/doc/gengetopt/html'
includedir='${prefix}/include'
infodir='${datarootdir}/info'
install_sh='${SHELL} /usr/local/src/cygwin-gengetopt/gengetopt-2.23-1.x86_64/src/gengetopt-2.23/build-aux/install-sh'
libdir='${exec_prefix}/lib'
libexecdir='${exec_prefix}/libexec'
localedir='${datarootdir}/locale'
localstatedir='/var'
mandir='${datarootdir}/man'
mkdir_p='$(MKDIR_P)'
oldincludedir='/usr/include'
pdfdir='${docdir}'
prefix='/usr'
program_transform_name='s,x,x,'
psdir='${docdir}'
runstatedir='${localstatedir}/run'
sbindir='${exec_prefix}/sbin'
sharedstatedir='/var'
sysconfdir='/etc'
target_alias=''

## ----------- ##
## confdefs.h. ##
## ----------- ##

/* confdefs.h */
#define PACKAGE_NAME "GNU gengetopt"
#define PACKAGE_TARNAME "gengetopt"
#define PACKAGE_VERSION "2.23"
#define PACKAGE_STRING "GNU gengetopt 2.23"
#define PACKAGE_BUGREPORT ""
#define PACKAGE_URL "http://www.gnu.org/software/gengetopt/"
#define PACKAGE "gengetopt"
#define VERSION "2.23"
#define STDC_HEADERS 1
#define HAVE_SYS_TYPES_H 1
#define HAVE_SYS_STAT_H 1
#define HAVE_STDLIB_H 1
#define HAVE_STRING_H 1
#define HAVE_MEMORY_H 1
#define HAVE_STRINGS_H 1
#define HAVE_INTTYPES_H 1
#define HAVE_STDINT_H 1
#define HAVE_UNISTD_H 1
#define __EXTENSIONS__ 1
#define _ALL_SOURCE 1
#define _GNU_SOURCE 1
#define _POSIX_PTHREAD_SEMANTICS 1
#define _TANDEM_SOURCE 1
#define HAVE_DLFCN_H 1
#define LT_OBJDIR ".libs/"
#define YYTEXT_POINTER 1
#define HAVE_LONG_LONG 1
#define HAVE_NAMESPACES /**/
#define HAVE_STL /**/
#define HAVE_SSTREAM /**/
#define STDC_HEADERS 1
#define HAVE_MALLOC_H 1
#define HAVE_STRINGS_H 1
#define HAVE_UNISTD_H 1
#define HAVE_STDDEF_H 1
#define HAVE__BOOL 1
#define HAVE_STDBOOL_H 1
#define HAVE_GETOPT_H 1
#define HAVE_STDDEF_H 1
#define HAVE_STRING_H 1
#define HAVE_UNISTD_H 1
#define HAVE_GETOPT_H 1
#define HAVE_GETOPT_LONG_ONLY 1
#define HAVE_DECL_OPTRESET 1
#define HAVE_DECL_GETENV 1
#define HAVE_WCHAR_T 1
#define HAVE_STRDUP 1
#define HAVE_DECL_STRDUP 1
#define restrict __restrict
#define HAVE_RAW_DECL_MEMMEM 1
#define HAVE_RAW_DECL_MEMPCPY 1
#define HAVE_RAW_DECL_MEMRCHR 1
#define HAVE_RAW_DECL_RAWMEMCHR 1
#define HAVE_RAW_DECL_STPCPY 1
#define HAVE_RAW_DECL_STPNCPY 1
#define HAVE_RAW_DECL_STRCHRNUL 1
#define HAVE_RAW_DECL_STRDUP 1
#define HAVE_RAW_DECL_STRNCAT 1
#define HAVE_RAW_DECL_STRNDUP 1
#define HAVE_RAW_DECL_STRNLEN 1
#define HAVE_RAW_DECL_STRPBRK 1
#define HAVE_RAW_DECL_STRSEP 1
#define HAVE_RAW_DECL_STRCASESTR 1
#define HAVE_RAW_DECL_STRTOK_R 1
#define HAVE_RAW_DECL_STRSIGNAL 1
#define HAVE_RAW_DECL_STRVERSCMP 1
#define GNULIB_TEST_GETOPT_GNU 1
#define GNULIB_TEST_STRDUP 1
#define HAVE_RAW_DECL_CHOWN 1
#define HAVE_RAW_DECL_DUP2 1
#define HAVE_RAW_DECL_DUP3 1
#define HAVE_RAW_DECL_ENVIRON 1
#define HAVE_RAW_DECL_EUIDACCESS 1
#define HAVE_RAW_DECL_FACCESSAT 1
#define HAVE_RAW_DECL_FCHDIR 1
#define HAVE_RAW_DECL_FCHOWNAT 1
#define HAVE_RAW_DECL_FSYNC 1
#define HAVE_RAW_DECL_FTRUNCATE 1
#define HAVE_RAW_DECL_GETCWD 1
#define HAVE_RAW_DECL_GETDOMAINNAME 1
#define HAVE_RAW_DECL_GETDTABLESIZE 1
#define HAVE_RAW_DECL_GETGROUPS 1
#define HAVE_RAW_DECL_GETHOSTNAME 1
#define HAVE_RAW_DECL_GETLOGIN 1
#define HAVE_RAW_DECL_GETLOGIN_R 1
#define HAVE_RAW_DECL_GETPAGESIZE 1
#define HAVE_RAW_DECL_GETUSERSHELL 1
#define HAVE_RAW_DECL_SETUSERSHELL 1
#define HAVE_RAW_DECL_ENDUSERSHELL 1
#define HAVE_RAW_DECL_LCHOWN 1
#define HAVE_RAW_DECL_LINK 1
#define HAVE_RAW_DECL_LINKAT 1
#define HAVE_RAW_DECL_LSEEK 1
#define HAVE_RAW_DECL_PIPE2 1
#define HAVE_RAW_DECL_PREAD 1
#define HAVE_RAW_DECL_PWRITE 1
#define HAVE_RAW_DECL_READLINK 1
#define HAVE_RAW_DECL_READLINKAT 1
#define HAVE_RAW_DECL_RMDIR 1
#define HAVE_RAW_DECL_SLEEP 1
#define HAVE_RAW_DECL_SYMLINK 1
#define HAVE_RAW_DECL_SYMLINKAT 1
#define HAVE_RAW_DECL_TTYNAME_R 1
#define HAVE_RAW_DECL_UNLINK 1
#define HAVE_RAW_DECL_UNLINKAT 1
#define HAVE_RAW_DECL_USLEEP 1

configure: exit 0
