cygport 0.34.0 

PF = gengetopt-2.23-1
S = /usr/local/src/cygwin-gengetopt/gengetopt-2.23-1.x86_64/src/gengetopt-2.23
B = /usr/local/src/cygwin-gengetopt/gengetopt-2.23-1.x86_64/build
D = /usr/local/src/cygwin-gengetopt/gengetopt-2.23-1.x86_64/inst
C = /usr/local/src/cygwin-gengetopt/gengetopt-2.23-1.x86_64/src/gengetopt-2.23/CYGWIN-PATCHES
T = /usr/local/src/cygwin-gengetopt/gengetopt-2.23-1.x86_64/temp
CBUILD = x86_64-pc-cygwin
CHOST = x86_64-pc-cygwin
CTARGET = x86_64-pc-cygwin
CC = gcc
CFLAGS = -ggdb -O2 -pipe -Wall -Werror=format-security -Wp,-D_FORTIFY_SOURCE=2 -fstack-protector-strong --param=ssp-buffer-size=4 -fdebug-prefix-map=/usr/local/src/cygwin-gengetopt/gengetopt-2.23-1.x86_64/build=/usr/src/debug/gengetopt-2.23-1 -fdebug-prefix-map=/usr/local/src/cygwin-gengetopt/gengetopt-2.23-1.x86_64/src/gengetopt-2.23=/usr/src/debug/gengetopt-2.23-1
CPPFLAGS =
CXX = g++
CXXFLAGS = -ggdb -O2 -pipe -Wall -Werror=format-security -Wp,-D_FORTIFY_SOURCE=2 -fstack-protector-strong --param=ssp-buffer-size=4 -fdebug-prefix-map=/usr/local/src/cygwin-gengetopt/gengetopt-2.23-1.x86_64/build=/usr/src/debug/gengetopt-2.23-1 -fdebug-prefix-map=/usr/local/src/cygwin-gengetopt/gengetopt-2.23-1.x86_64/src/gengetopt-2.23=/usr/src/debug/gengetopt-2.23-1
F77 = gfortran
FFLAGS = -ggdb -O2 -pipe -Wall -Werror=format-security -Wp,-D_FORTIFY_SOURCE=2 -fstack-protector-strong --param=ssp-buffer-size=4 -fdebug-prefix-map=/usr/local/src/cygwin-gengetopt/gengetopt-2.23-1.x86_64/build=/usr/src/debug/gengetopt-2.23-1 -fdebug-prefix-map=/usr/local/src/cygwin-gengetopt/gengetopt-2.23-1.x86_64/src/gengetopt-2.23=/usr/src/debug/gengetopt-2.23-1
FC = gfortran
FCFLAGS = -ggdb -O2 -pipe -Wall -Werror=format-security -Wp,-D_FORTIFY_SOURCE=2 -fstack-protector-strong --param=ssp-buffer-size=4 -fdebug-prefix-map=/usr/local/src/cygwin-gengetopt/gengetopt-2.23-1.x86_64/build=/usr/src/debug/gengetopt-2.23-1 -fdebug-prefix-map=/usr/local/src/cygwin-gengetopt/gengetopt-2.23-1.x86_64/src/gengetopt-2.23=/usr/src/debug/gengetopt-2.23-1
GOC = gccgo
GOFLAGS = -ggdb -O2 -pipe -fdebug-prefix-map=/usr/local/src/cygwin-gengetopt/gengetopt-2.23-1.x86_64/build=/usr/src/debug/gengetopt-2.23-1 -fdebug-prefix-map=/usr/local/src/cygwin-gengetopt/gengetopt-2.23-1.x86_64/src/gengetopt-2.23=/usr/src/debug/gengetopt-2.23-1
OBJC = gcc
OBJCFLAGS = -ggdb -O2 -pipe -Wall -Werror=format-security -Wp,-D_FORTIFY_SOURCE=2 -fstack-protector-strong --param=ssp-buffer-size=4 -fdebug-prefix-map=/usr/local/src/cygwin-gengetopt/gengetopt-2.23-1.x86_64/build=/usr/src/debug/gengetopt-2.23-1 -fdebug-prefix-map=/usr/local/src/cygwin-gengetopt/gengetopt-2.23-1.x86_64/src/gengetopt-2.23=/usr/src/debug/gengetopt-2.23-1
OBJCXX = g++
OBJCXXFLAGS = -ggdb -O2 -pipe -Wall -Werror=format-security -Wp,-D_FORTIFY_SOURCE=2 -fstack-protector-strong --param=ssp-buffer-size=4 -fdebug-prefix-map=/usr/local/src/cygwin-gengetopt/gengetopt-2.23-1.x86_64/build=/usr/src/debug/gengetopt-2.23-1 -fdebug-prefix-map=/usr/local/src/cygwin-gengetopt/gengetopt-2.23-1.x86_64/src/gengetopt-2.23=/usr/src/debug/gengetopt-2.23-1
LDFLAGS =
LIBS =
MAKEOPTS = -j2


>>> Creating binary package(s)
>>> gengetopt-2.23-1.tar.xz
usr/
usr/bin/
usr/bin/gengetopt.exe
usr/lib/
usr/share/
usr/share/doc/
usr/share/doc/gengetopt/
usr/share/doc/gengetopt/AUTHORS
usr/share/doc/gengetopt/ChangeLog
usr/share/doc/gengetopt/COPYING
usr/share/doc/gengetopt/examples/
usr/share/doc/gengetopt/examples/cmdline1.c
usr/share/doc/gengetopt/examples/cmdline1.h
usr/share/doc/gengetopt/examples/cmdline2.c
usr/share/doc/gengetopt/examples/cmdline2.h
usr/share/doc/gengetopt/examples/main1.cc
usr/share/doc/gengetopt/examples/main2.c
usr/share/doc/gengetopt/examples/README.example
usr/share/doc/gengetopt/examples/sample1.ggo
usr/share/doc/gengetopt/examples/sample2.ggo
usr/share/doc/gengetopt/examples/test_manual_help.c
usr/share/doc/gengetopt/examples/test_manual_help_cmd.c
usr/share/doc/gengetopt/examples/test_manual_help_cmd.ggo
usr/share/doc/gengetopt/examples/test_manual_help_cmd.h
usr/share/doc/gengetopt/gengetopt.html
usr/share/doc/gengetopt/index.html
usr/share/doc/gengetopt/INSTALL
usr/share/doc/gengetopt/LICENSE
usr/share/doc/gengetopt/NEWS
usr/share/doc/gengetopt/README
usr/share/doc/gengetopt/THANKS
usr/share/doc/gengetopt/TODO
usr/share/gengetopt/
usr/share/gengetopt/getopt.c
usr/share/gengetopt/getopt1.c
usr/share/gengetopt/gnugetopt.h
usr/share/info/
usr/share/info/gengetopt.info.gz
usr/share/info/index.info.gz
usr/share/man/
usr/share/man/man1/
usr/share/man/man1/gengetopt.1.gz

>>> gengetopt-debuginfo-2.23-1.tar.xz
usr/lib/debug/
usr/lib/debug/usr/
usr/lib/debug/usr/bin/
usr/lib/debug/usr/bin/gengetopt.exe.dbg
usr/src/debug/
usr/src/debug/gengetopt-2.23-1/
usr/src/debug/gengetopt-2.23-1/src/
usr/src/debug/gengetopt-2.23-1/src/acceptedvalues.cpp
usr/src/debug/gengetopt-2.23-1/src/cmdline.c
usr/src/debug/gengetopt-2.23-1/src/fileutils.cpp
usr/src/debug/gengetopt-2.23-1/src/gengetopt.cc
usr/src/debug/gengetopt-2.23-1/src/ggos.cpp
usr/src/debug/gengetopt-2.23-1/src/globals.cpp
usr/src/debug/gengetopt-2.23-1/src/gm.cc
usr/src/debug/gengetopt-2.23-1/src/gm.h
usr/src/debug/gengetopt-2.23-1/src/gm_utils.cpp
usr/src/debug/gengetopt-2.23-1/src/gm_utils.h
usr/src/debug/gengetopt-2.23-1/src/groups.h
usr/src/debug/gengetopt-2.23-1/src/parser.cc
usr/src/debug/gengetopt-2.23-1/src/scanner.cc
usr/src/debug/gengetopt-2.23-1/src/skels/
usr/src/debug/gengetopt-2.23-1/src/skels/check_modes.cc
usr/src/debug/gengetopt-2.23-1/src/skels/check_modes.h
usr/src/debug/gengetopt-2.23-1/src/skels/clear_arg.cc
usr/src/debug/gengetopt-2.23-1/src/skels/clear_arg.h
usr/src/debug/gengetopt-2.23-1/src/skels/clear_given.cc
usr/src/debug/gengetopt-2.23-1/src/skels/clear_given.h
usr/src/debug/gengetopt-2.23-1/src/skels/copyright.cc
usr/src/debug/gengetopt-2.23-1/src/skels/copyright.h
usr/src/debug/gengetopt-2.23-1/src/skels/custom_getopt_gen.cc
usr/src/debug/gengetopt-2.23-1/src/skels/c_source.cc
usr/src/debug/gengetopt-2.23-1/src/skels/c_source.h
usr/src/debug/gengetopt-2.23-1/src/skels/dependant_option.cc
usr/src/debug/gengetopt-2.23-1/src/skels/dependant_option.h
usr/src/debug/gengetopt-2.23-1/src/skels/enum_decl.cc
usr/src/debug/gengetopt-2.23-1/src/skels/enum_decl.h
usr/src/debug/gengetopt-2.23-1/src/skels/exit_failure.cc
usr/src/debug/gengetopt-2.23-1/src/skels/exit_failure.h
usr/src/debug/gengetopt-2.23-1/src/skels/file_save.cc
usr/src/debug/gengetopt-2.23-1/src/skels/file_save.h
usr/src/debug/gengetopt-2.23-1/src/skels/file_save_multiple.cc
usr/src/debug/gengetopt-2.23-1/src/skels/file_save_multiple.h
usr/src/debug/gengetopt-2.23-1/src/skels/free_list.cc
usr/src/debug/gengetopt-2.23-1/src/skels/free_list.h
usr/src/debug/gengetopt-2.23-1/src/skels/free_multiple.cc
usr/src/debug/gengetopt-2.23-1/src/skels/free_multiple.h
usr/src/debug/gengetopt-2.23-1/src/skels/free_string.cc
usr/src/debug/gengetopt-2.23-1/src/skels/free_string.h
usr/src/debug/gengetopt-2.23-1/src/skels/generic_option.cc
usr/src/debug/gengetopt-2.23-1/src/skels/generic_option.h
usr/src/debug/gengetopt-2.23-1/src/skels/given_field.cc
usr/src/debug/gengetopt-2.23-1/src/skels/given_field.h
usr/src/debug/gengetopt-2.23-1/src/skels/group_counter.cc
usr/src/debug/gengetopt-2.23-1/src/skels/group_counter.h
usr/src/debug/gengetopt-2.23-1/src/skels/group_option.cc
usr/src/debug/gengetopt-2.23-1/src/skels/group_option.h
usr/src/debug/gengetopt-2.23-1/src/skels/handle_help.cc
usr/src/debug/gengetopt-2.23-1/src/skels/handle_help.h
usr/src/debug/gengetopt-2.23-1/src/skels/handle_version.cc
usr/src/debug/gengetopt-2.23-1/src/skels/handle_version.h
usr/src/debug/gengetopt-2.23-1/src/skels/header.cc
usr/src/debug/gengetopt-2.23-1/src/skels/header.h
usr/src/debug/gengetopt-2.23-1/src/skels/init_args_info.cc
usr/src/debug/gengetopt-2.23-1/src/skels/init_args_info.h
usr/src/debug/gengetopt-2.23-1/src/skels/multiple_fill_array.cc
usr/src/debug/gengetopt-2.23-1/src/skels/multiple_fill_array.h
usr/src/debug/gengetopt-2.23-1/src/skels/multiple_opt_list.cc
usr/src/debug/gengetopt-2.23-1/src/skels/multiple_opt_list.h
usr/src/debug/gengetopt-2.23-1/src/skels/option_arg.cc
usr/src/debug/gengetopt-2.23-1/src/skels/option_arg.h
usr/src/debug/gengetopt-2.23-1/src/skels/print_help_string.cc
usr/src/debug/gengetopt-2.23-1/src/skels/print_help_string.h
usr/src/debug/gengetopt-2.23-1/src/skels/required_option.cc
usr/src/debug/gengetopt-2.23-1/src/skels/required_option.h
usr/src/debug/gengetopt-2.23-1/src/skels/reset_group.cc
usr/src/debug/gengetopt-2.23-1/src/skels/reset_group.h
usr/src/debug/gengetopt-2.23-1/src/skels/update_given.cc
usr/src/debug/gengetopt-2.23-1/src/skels/update_given.h
usr/src/debug/gengetopt-2.23-1/src/yyerror.cc

>>> Checking packages for unexpected, missing or duplicate files

>>> Creating source patches
 tests/test_conf_parser_ov2.c |    2 +-
 tests/test_conf_parser_ov3.c |    4 ++--
 tests/test_conf_parser_ov4.c |    2 +-
 3 files changed, 4 insertions(+), 4 deletions(-)
>>> Creating source package
gengetopt-2.23-1.src/
gengetopt-2.23-1.src/gengetopt-2.23-1.src.patch
gengetopt-2.23-1.src/gengetopt-2.23.tar.xz
gengetopt-2.23-1.src/gengetopt.cygport

>>> gengetopt requires: cygwin libgcc1 libstdc++6 
