cygport 0.34.0 

PF = gengetopt-2.23-1
S = /usr/local/src/cygwin-gengetopt/gengetopt-2.23-1.x86_64/src/gengetopt-2.23
B = /usr/local/src/cygwin-gengetopt/gengetopt-2.23-1.x86_64/build
D = /usr/local/src/cygwin-gengetopt/gengetopt-2.23-1.x86_64/inst
C = /usr/local/src/cygwin-gengetopt/gengetopt-2.23-1.x86_64/src/gengetopt-2.23/CYGWIN-PATCHES
T = /usr/local/src/cygwin-gengetopt/gengetopt-2.23-1.x86_64/temp
CBUILD = x86_64-pc-cygwin
CHOST = x86_64-pc-cygwin
CTARGET = x86_64-pc-cygwin
CC = gcc
CFLAGS = -ggdb -O2 -pipe -Wall -Werror=format-security -Wp,-D_FORTIFY_SOURCE=2 -fstack-protector-strong --param=ssp-buffer-size=4 -fdebug-prefix-map=/usr/local/src/cygwin-gengetopt/gengetopt-2.23-1.x86_64/build=/usr/src/debug/gengetopt-2.23-1 -fdebug-prefix-map=/usr/local/src/cygwin-gengetopt/gengetopt-2.23-1.x86_64/src/gengetopt-2.23=/usr/src/debug/gengetopt-2.23-1
CPPFLAGS =
CXX = g++
CXXFLAGS = -ggdb -O2 -pipe -Wall -Werror=format-security -Wp,-D_FORTIFY_SOURCE=2 -fstack-protector-strong --param=ssp-buffer-size=4 -fdebug-prefix-map=/usr/local/src/cygwin-gengetopt/gengetopt-2.23-1.x86_64/build=/usr/src/debug/gengetopt-2.23-1 -fdebug-prefix-map=/usr/local/src/cygwin-gengetopt/gengetopt-2.23-1.x86_64/src/gengetopt-2.23=/usr/src/debug/gengetopt-2.23-1
F77 = gfortran
FFLAGS = -ggdb -O2 -pipe -Wall -Werror=format-security -Wp,-D_FORTIFY_SOURCE=2 -fstack-protector-strong --param=ssp-buffer-size=4 -fdebug-prefix-map=/usr/local/src/cygwin-gengetopt/gengetopt-2.23-1.x86_64/build=/usr/src/debug/gengetopt-2.23-1 -fdebug-prefix-map=/usr/local/src/cygwin-gengetopt/gengetopt-2.23-1.x86_64/src/gengetopt-2.23=/usr/src/debug/gengetopt-2.23-1
FC = gfortran
FCFLAGS = -ggdb -O2 -pipe -Wall -Werror=format-security -Wp,-D_FORTIFY_SOURCE=2 -fstack-protector-strong --param=ssp-buffer-size=4 -fdebug-prefix-map=/usr/local/src/cygwin-gengetopt/gengetopt-2.23-1.x86_64/build=/usr/src/debug/gengetopt-2.23-1 -fdebug-prefix-map=/usr/local/src/cygwin-gengetopt/gengetopt-2.23-1.x86_64/src/gengetopt-2.23=/usr/src/debug/gengetopt-2.23-1
GOC = gccgo
GOFLAGS = -ggdb -O2 -pipe -fdebug-prefix-map=/usr/local/src/cygwin-gengetopt/gengetopt-2.23-1.x86_64/build=/usr/src/debug/gengetopt-2.23-1 -fdebug-prefix-map=/usr/local/src/cygwin-gengetopt/gengetopt-2.23-1.x86_64/src/gengetopt-2.23=/usr/src/debug/gengetopt-2.23-1
OBJC = gcc
OBJCFLAGS = -ggdb -O2 -pipe -Wall -Werror=format-security -Wp,-D_FORTIFY_SOURCE=2 -fstack-protector-strong --param=ssp-buffer-size=4 -fdebug-prefix-map=/usr/local/src/cygwin-gengetopt/gengetopt-2.23-1.x86_64/build=/usr/src/debug/gengetopt-2.23-1 -fdebug-prefix-map=/usr/local/src/cygwin-gengetopt/gengetopt-2.23-1.x86_64/src/gengetopt-2.23=/usr/src/debug/gengetopt-2.23-1
OBJCXX = g++
OBJCXXFLAGS = -ggdb -O2 -pipe -Wall -Werror=format-security -Wp,-D_FORTIFY_SOURCE=2 -fstack-protector-strong --param=ssp-buffer-size=4 -fdebug-prefix-map=/usr/local/src/cygwin-gengetopt/gengetopt-2.23-1.x86_64/build=/usr/src/debug/gengetopt-2.23-1 -fdebug-prefix-map=/usr/local/src/cygwin-gengetopt/gengetopt-2.23-1.x86_64/src/gengetopt-2.23=/usr/src/debug/gengetopt-2.23-1
LDFLAGS =
LIBS =
MAKEOPTS = -j2


autoreconf-2.69: Entering directory `.'
autoreconf-2.69: configure.ac: not using Gettext
autoreconf-2.69: running: aclocal --force -I m4 -I gl/m4
autoreconf-2.69: configure.ac: tracing
autoreconf-2.69: running: libtoolize --copy --force
libtoolize: putting auxiliary files in AC_CONFIG_AUX_DIR, 'build-aux'.
libtoolize: copying file 'build-aux/ltmain.sh'
libtoolize: putting macros in AC_CONFIG_MACRO_DIRS, 'm4'.
libtoolize: copying file 'm4/libtool.m4'
libtoolize: copying file 'm4/ltoptions.m4'
libtoolize: copying file 'm4/ltsugar.m4'
libtoolize: copying file 'm4/ltversion.m4'
libtoolize: copying file 'm4/lt~obsolete.m4'
autoreconf-2.69: running: /usr/bin/autoconf-2.69 --force
autoreconf-2.69: running: /usr/bin/autoheader-2.69 --force
autoreconf-2.69: running: automake --add-missing --copy --force-missing
configure.ac:36: installing 'build-aux/compile'
configure.ac:26: installing 'build-aux/missing'
doc/Makefile.am: installing 'build-aux/depcomp'
autoreconf-2.69: Leaving directory `.'
[1;32m*** Info:[0;0m Removing tests/test_conf_parser_ov2.c to be regenerated by configure
[1;32m*** Info:[0;0m Removing tests/test_conf_parser_ov3.c to be regenerated by configure
[1;32m*** Info:[0;0m Removing tests/test_conf_parser_ov4.c to be regenerated by configure
/usr/local/src/cygwin-gengetopt/gengetopt-2.23-1.x86_64/src/gengetopt-2.23/configure --srcdir=/usr/local/src/cygwin-gengetopt/gengetopt-2.23-1.x86_64/src/gengetopt-2.23 --prefix=/usr --exec-prefix=/usr --localstatedir=/var --sysconfdir=/etc --docdir=/usr/share/doc/gengetopt --htmldir=/usr/share/doc/gengetopt/html -C --enable-shared --disable-static
configure: loading site script /usr/share/config.site
configure: loading cache config.cache
checking for a BSD-compatible install... (cached) /usr/bin/install -c
checking whether build environment is sane... yes
checking for a thread-safe mkdir -p... (cached) /usr/bin/mkdir -p
checking for gawk... (cached) gawk
checking whether make sets $(MAKE)... (cached) yes
checking whether make supports nested variables... (cached) yes
checking whether UID '197609' is supported by ustar format... yes
checking whether GID '197121' is supported by ustar format... yes
checking how to create a ustar tar archive... (cached) gnutar
checking for gcc... (cached) gcc
checking whether the C compiler works... yes
checking for C compiler default output file name... a.exe
checking for suffix of executables... .exe
checking whether we are cross compiling... no
checking for suffix of object files... (cached) o
checking whether we are using the GNU C compiler... (cached) yes
checking whether gcc accepts -g... (cached) yes
checking for gcc option to accept ISO C89... (cached) none needed
checking whether gcc understands -c and -o together... (cached) yes
checking whether make supports the include directive... yes (GNU style)
checking dependency style of gcc... (cached) gcc3
checking for ranlib... (cached) ranlib
checking build system type... (cached) x86_64-pc-cygwin
checking host system type... (cached) x86_64-pc-cygwin
checking how to run the C preprocessor... (cached) gcc -E
checking for grep that handles long lines and -e... (cached) /usr/bin/grep
checking for egrep... (cached) /usr/bin/grep -E
checking for ANSI C header files... (cached) yes
checking for sys/types.h... (cached) yes
checking for sys/stat.h... (cached) yes
checking for stdlib.h... (cached) yes
checking for string.h... (cached) yes
checking for memory.h... (cached) yes
checking for strings.h... (cached) yes
checking for inttypes.h... (cached) yes
checking for stdint.h... (cached) yes
checking for unistd.h... (cached) yes
checking for minix/config.h... (cached) no
checking whether it is safe to define __EXTENSIONS__... (cached) yes
checking whether we are using the GNU C++ compiler... (cached) yes
checking whether g++ accepts -g... (cached) yes
checking dependency style of g++... (cached) gcc3
checking for bison... (cached) bison -y
checking how to print strings... printf
checking for a sed that does not truncate output... (cached) /usr/bin/sed
checking for fgrep... (cached) /usr/bin/grep -F
checking for ld used by gcc... (cached) /usr/x86_64-pc-cygwin/bin/ld.exe
checking if the linker (/usr/x86_64-pc-cygwin/bin/ld.exe) is GNU ld... (cached) yes
checking for BSD- or MS-compatible name lister (nm)... (cached) /usr/bin/nm -B
checking the name lister (/usr/bin/nm -B) interface... (cached) BSD nm
checking whether ln -s works... yes
checking the maximum length of command line arguments... (cached) 8192
checking how to convert x86_64-pc-cygwin file names to x86_64-pc-cygwin format... (cached) func_convert_file_noop
checking how to convert x86_64-pc-cygwin file names to toolchain format... (cached) func_convert_file_noop
checking for /usr/x86_64-pc-cygwin/bin/ld.exe option to reload object files... (cached) -r
checking for objdump... (cached) objdump
checking how to recognize dependent libraries... (cached) file_magic ^x86 archive import|^x86 DLL
checking for dlltool... (cached) dlltool
checking how to associate runtime and link libraries... (cached) func_cygming_dll_for_implib
checking for ar... (cached) ar
checking for archiver @FILE support... (cached) @
checking for strip... (cached) strip
checking for ranlib... (cached) ranlib
checking command to parse /usr/bin/nm -B output from gcc object... (cached) ok
checking for sysroot... no
checking for a working dd... (cached) /usr/bin/dd
checking how to truncate binary pipes... (cached) /usr/bin/dd bs=4096 count=1
checking for mt... no
checking if : is a manifest tool... (cached) no
checking for dlfcn.h... (cached) yes
checking for objdir... (cached) .libs
checking if gcc supports -fno-rtti -fno-exceptions... (cached) no
checking for gcc option to produce PIC... (cached) -DDLL_EXPORT -DPIC
checking if gcc PIC flag -DDLL_EXPORT -DPIC works... (cached) yes
checking if gcc static flag -static works... (cached) yes
checking if gcc supports -c -o file.o... (cached) yes
checking if gcc supports -c -o file.o... (cached) yes
checking whether the gcc linker (/usr/x86_64-pc-cygwin/bin/ld.exe) supports shared libraries... yes
checking whether -lc should be explicitly linked in... (cached) yes
checking dynamic linker characteristics... Win32 ld.exe
checking how to hardcode library paths into programs... immediate
checking whether stripping libraries is possible... yes
checking if libtool supports shared libraries... yes
checking whether to build shared libraries... yes
checking whether to build static libraries... no
checking how to run the C++ preprocessor... (cached) g++ -E
checking for ld used by g++... (cached) /usr/x86_64-pc-cygwin/bin/ld.exe
checking if the linker (/usr/x86_64-pc-cygwin/bin/ld.exe) is GNU ld... (cached) yes
checking whether the g++ linker (/usr/x86_64-pc-cygwin/bin/ld.exe) supports shared libraries... yes
checking for g++ option to produce PIC... (cached) -DDLL_EXPORT -DPIC
checking if g++ PIC flag -DDLL_EXPORT -DPIC works... (cached) yes
checking if g++ static flag -static works... (cached) yes
checking if g++ supports -c -o file.o... (cached) yes
checking if g++ supports -c -o file.o... (cached) yes
checking whether the g++ linker (/usr/x86_64-pc-cygwin/bin/ld.exe) supports shared libraries... yes
checking dynamic linker characteristics... Win32 ld.exe
checking how to hardcode library paths into programs... immediate
checking for flex... (cached) flex
checking lex output file root... (cached) lex.yy
checking lex library... (cached) -lfl
checking whether yytext is a pointer... (cached) yes
checking for size_t... (cached) yes
checking for long long int... (cached) yes
checking whether the compiler implements namespaces... (cached) yes
checking whether the compiler supports Standard Template Library... (cached) yes
checking whether the compiler has stringstream... (cached) yes
checking for ANSI C header files... (cached) yes
checking for malloc.h... (cached) yes
checking for strings.h... (cached) yes
checking for unistd.h... (cached) yes
checking for libintl.h... (cached) no
checking for stddef.h... (cached) yes
checking for an ANSI C-conforming const... (cached) yes
checking for inline... (cached) inline
checking for stdbool.h that conforms to C99... (cached) yes
checking for _Bool... (cached) yes
checking whether the preprocessor supports include_next... (cached) yes
checking for getopt.h... (cached) yes
checking for stddef.h... (cached) yes
checking for string.h... (cached) yes
checking for unistd.h... (cached) yes
checking for getopt.h... (cached) yes
checking for getopt_long_only... (cached) yes
checking whether optreset is declared... (cached) yes
checking whether getopt is POSIX compatible... (cached) yes
checking for working GNU getopt function... (cached) yes
checking whether getenv is declared... (cached) yes
checking for wchar_t... (cached) yes
checking for strdup... (cached) yes
checking whether strdup is declared... (cached) yes
checking for C/C++ restrict keyword... (cached) __restrict
checking whether memmem is declared without a macro... (cached) yes
checking whether mempcpy is declared without a macro... (cached) yes
checking whether memrchr is declared without a macro... (cached) yes
checking whether rawmemchr is declared without a macro... (cached) yes
checking whether stpcpy is declared without a macro... (cached) yes
checking whether stpncpy is declared without a macro... (cached) yes
checking whether strchrnul is declared without a macro... (cached) yes
checking whether strdup is declared without a macro... (cached) yes
checking whether strncat is declared without a macro... (cached) yes
checking whether strndup is declared without a macro... (cached) yes
checking whether strnlen is declared without a macro... (cached) yes
checking whether strpbrk is declared without a macro... (cached) yes
checking whether strsep is declared without a macro... (cached) yes
checking whether strcasestr is declared without a macro... (cached) yes
checking whether strtok_r is declared without a macro... (cached) yes
checking whether strsignal is declared without a macro... (cached) yes
checking whether strverscmp is declared without a macro... (cached) yes
checking whether NULL can be used in arbitrary expressions... (cached) yes
checking whether chown is declared without a macro... (cached) yes
checking whether dup2 is declared without a macro... (cached) yes
checking whether dup3 is declared without a macro... (cached) yes
checking whether environ is declared without a macro... (cached) yes
checking whether euidaccess is declared without a macro... (cached) yes
checking whether faccessat is declared without a macro... (cached) yes
checking whether fchdir is declared without a macro... (cached) yes
checking whether fchownat is declared without a macro... (cached) yes
checking whether fsync is declared without a macro... (cached) yes
checking whether ftruncate is declared without a macro... (cached) yes
checking whether getcwd is declared without a macro... (cached) yes
checking whether getdomainname is declared without a macro... (cached) yes
checking whether getdtablesize is declared without a macro... (cached) yes
checking whether getgroups is declared without a macro... (cached) yes
checking whether gethostname is declared without a macro... (cached) yes
checking whether getlogin is declared without a macro... (cached) yes
checking whether getlogin_r is declared without a macro... (cached) yes
checking whether getpagesize is declared without a macro... (cached) yes
checking whether getusershell is declared without a macro... (cached) yes
checking whether setusershell is declared without a macro... (cached) yes
checking whether endusershell is declared without a macro... (cached) yes
checking whether lchown is declared without a macro... (cached) yes
checking whether link is declared without a macro... (cached) yes
checking whether linkat is declared without a macro... (cached) yes
checking whether lseek is declared without a macro... (cached) yes
checking whether pipe2 is declared without a macro... (cached) yes
checking whether pread is declared without a macro... (cached) yes
checking whether pwrite is declared without a macro... (cached) yes
checking whether readlink is declared without a macro... (cached) yes
checking whether readlinkat is declared without a macro... (cached) yes
checking whether rmdir is declared without a macro... (cached) yes
checking whether sleep is declared without a macro... (cached) yes
checking whether symlink is declared without a macro... (cached) yes
checking whether symlinkat is declared without a macro... (cached) yes
checking whether ttyname_r is declared without a macro... (cached) yes
checking whether unlink is declared without a macro... (cached) yes
checking whether unlinkat is declared without a macro... (cached) yes
checking whether usleep is declared without a macro... (cached) yes
checking for tar... (cached) /usr/bin/tar
checking for valgrind... no
checking for help2man... no
checking that generated files are newer than configure... done
configure: creating ./config.status
config.status: creating Makefile
config.status: creating doc/Makefile
config.status: creating gl/Makefile
config.status: creating src/Makefile
config.status: creating src/skels/Makefile
config.status: creating src/tests/Makefile
config.status: creating tests/Makefile
config.status: creating tests/test_conf.conf
config.status: creating tests/test_conf_inc.conf
config.status: creating tests/test_conf_parser_ov2.c
config.status: creating tests/test_conf_parser_ov3.c
config.status: creating tests/test_conf_parser_ov4.c
config.status: creating tests/more_than_once.sh
config.status: creating tests/no_optgiven.sh
config.status: creating tests/test_all_opts.sh
config.status: creating tests/test_all_opts_file_save.sh
config.status: creating tests/test_conf_parser.sh
config.status: creating tests/test_conf_parser_err.sh
config.status: creating tests/test_conf_parser_err_string.sh
config.status: creating tests/test_conf_parser_grp.sh
config.status: creating tests/test_conf_parser_ov.sh
config.status: creating tests/test_conf_parser_ov2.sh
config.status: creating tests/test_conf_parser_ov3.sh
config.status: creating tests/test_conf_parser_ov4.sh
config.status: creating tests/test_conf_parser_save.sh
config.status: creating tests/test_default_values.sh
config.status: creating tests/test_dep.sh
config.status: creating tests/test_groups.sh
config.status: creating tests/test_manual_help.sh
config.status: creating tests/test_manual_help_args.sh
config.status: creating tests/test_modes.sh
config.status: creating tests/test_multiple.sh
config.status: creating tests/test_multiple_err.sh
config.status: creating tests/test_multiple_parsers.sh
config.status: creating tests/test_output_dir.sh
config.status: creating tests/test_output_dirs.sh
config.status: creating tests/test_sections.sh
config.status: creating tests/test_show_help.sh
config.status: creating tests/test_simple_multiple.sh
config.status: creating tests/test_simple_multiple_default.sh
config.status: creating tests/test_unamed.sh
config.status: creating tests/test_unnamed.sh
config.status: creating tests/test_values.sh
config.status: creating tests/test_values_err.sh
config.status: creating tests/test_wrong_ggo.sh
config.status: creating tests/valgrind_tests.sh
config.status: creating config.h
config.status: config.h is unchanged
config.status: executing depfiles commands
config.status: executing libtool commands
make  all-recursive
make[1]: Entering directory '/usr/local/src/cygwin-gengetopt/gengetopt-2.23-1.x86_64/build'
Making all in gl
make[2]: Entering directory '/usr/local/src/cygwin-gengetopt/gengetopt-2.23-1.x86_64/build/gl'
make  all-recursive
make[3]: Entering directory '/usr/local/src/cygwin-gengetopt/gengetopt-2.23-1.x86_64/build/gl'
make[4]: Entering directory '/usr/local/src/cygwin-gengetopt/gengetopt-2.23-1.x86_64/build/gl'
make[4]: Nothing to be done for 'all-am'.
make[4]: Leaving directory '/usr/local/src/cygwin-gengetopt/gengetopt-2.23-1.x86_64/build/gl'
make[3]: Leaving directory '/usr/local/src/cygwin-gengetopt/gengetopt-2.23-1.x86_64/build/gl'
make[2]: Leaving directory '/usr/local/src/cygwin-gengetopt/gengetopt-2.23-1.x86_64/build/gl'
Making all in src
make[2]: Entering directory '/usr/local/src/cygwin-gengetopt/gengetopt-2.23-1.x86_64/build/src'
make  all-recursive
make[3]: Entering directory '/usr/local/src/cygwin-gengetopt/gengetopt-2.23-1.x86_64/build/src'
Making all in skels
make[4]: Entering directory '/usr/local/src/cygwin-gengetopt/gengetopt-2.23-1.x86_64/build/src/skels'
make  all-am
make[5]: Entering directory '/usr/local/src/cygwin-gengetopt/gengetopt-2.23-1.x86_64/build/src/skels'
make[5]: Nothing to be done for 'all-am'.
make[5]: Leaving directory '/usr/local/src/cygwin-gengetopt/gengetopt-2.23-1.x86_64/build/src/skels'
make[4]: Leaving directory '/usr/local/src/cygwin-gengetopt/gengetopt-2.23-1.x86_64/build/src/skels'
Making all in tests
make[4]: Entering directory '/usr/local/src/cygwin-gengetopt/gengetopt-2.23-1.x86_64/build/src/tests'
make[4]: Nothing to be done for 'all'.
make[4]: Leaving directory '/usr/local/src/cygwin-gengetopt/gengetopt-2.23-1.x86_64/build/src/tests'
make[4]: Entering directory '/usr/local/src/cygwin-gengetopt/gengetopt-2.23-1.x86_64/build/src'
make[4]: Nothing to be done for 'all-am'.
make[4]: Leaving directory '/usr/local/src/cygwin-gengetopt/gengetopt-2.23-1.x86_64/build/src'
make[3]: Leaving directory '/usr/local/src/cygwin-gengetopt/gengetopt-2.23-1.x86_64/build/src'
make[2]: Leaving directory '/usr/local/src/cygwin-gengetopt/gengetopt-2.23-1.x86_64/build/src'
Making all in doc
make[2]: Entering directory '/usr/local/src/cygwin-gengetopt/gengetopt-2.23-1.x86_64/build/doc'
cat ../tests/test_conf_parser_ov2.c | sed -f /usr/local/src/cygwin-gengetopt/gengetopt-2.23-1.x86_64/src/gengetopt-2.23/doc/input.sed > test_conf_parser_ov2.c.texi
make  all-am
make[3]: Entering directory '/usr/local/src/cygwin-gengetopt/gengetopt-2.23-1.x86_64/build/doc'
restore=: && backupdir=".am$$" && \
rm -rf $backupdir && mkdir $backupdir && \
if (/bin/sh /usr/local/src/cygwin-gengetopt/gengetopt-2.23-1.x86_64/src/gengetopt-2.23/build-aux/missing makeinfo --version) >/dev/null 2>&1; then \
  for f in gengetopt.info gengetopt.info-[0-9] gengetopt.info-[0-9][0-9] gengetopt.i[0-9] gengetopt.i[0-9][0-9]; do \
    if test -f $f; then mv $f $backupdir; restore=mv; else :; fi; \
  done; \
else :; fi && \
if /bin/sh /usr/local/src/cygwin-gengetopt/gengetopt-2.23-1.x86_64/src/gengetopt-2.23/build-aux/missing makeinfo   -I /usr/local/src/cygwin-gengetopt/gengetopt-2.23-1.x86_64/src/gengetopt-2.23/doc \
 -o gengetopt.info `test -f 'gengetopt.texi' || echo '/usr/local/src/cygwin-gengetopt/gengetopt-2.23-1.x86_64/src/gengetopt-2.23/doc/'`gengetopt.texi; \
then \
  rc=0; \
else \
  rc=$?; \
  $restore $backupdir/* `echo "./gengetopt.info" | sed 's|[^/]*$||'`; \
fi; \
rm -rf $backupdir; exit $rc
rm -rf gengetopt.htp
if /bin/sh /usr/local/src/cygwin-gengetopt/gengetopt-2.23-1.x86_64/src/gengetopt-2.23/build-aux/missing makeinfo --html --no-split  -I /usr/local/src/cygwin-gengetopt/gengetopt-2.23-1.x86_64/src/gengetopt-2.23/doc \
 -o gengetopt.htp `test -f 'gengetopt.texi' || echo '/usr/local/src/cygwin-gengetopt/gengetopt-2.23-1.x86_64/src/gengetopt-2.23/doc/'`gengetopt.texi; \
then \
  rm -rf gengetopt.html && mv gengetopt.htp gengetopt.html; \
else \
  rm -rf gengetopt.htp; exit 1; \
fi
make[3]: Leaving directory '/usr/local/src/cygwin-gengetopt/gengetopt-2.23-1.x86_64/build/doc'
make[2]: Leaving directory '/usr/local/src/cygwin-gengetopt/gengetopt-2.23-1.x86_64/build/doc'
Making all in tests
make[2]: Entering directory '/usr/local/src/cygwin-gengetopt/gengetopt-2.23-1.x86_64/build/tests'
make  all-am
make[3]: Entering directory '/usr/local/src/cygwin-gengetopt/gengetopt-2.23-1.x86_64/build/tests'
make[3]: Nothing to be done for 'all-am'.
make[3]: Leaving directory '/usr/local/src/cygwin-gengetopt/gengetopt-2.23-1.x86_64/build/tests'
make[2]: Leaving directory '/usr/local/src/cygwin-gengetopt/gengetopt-2.23-1.x86_64/build/tests'
make[2]: Entering directory '/usr/local/src/cygwin-gengetopt/gengetopt-2.23-1.x86_64/build'
make[2]: Leaving directory '/usr/local/src/cygwin-gengetopt/gengetopt-2.23-1.x86_64/build'
make[1]: Leaving directory '/usr/local/src/cygwin-gengetopt/gengetopt-2.23-1.x86_64/build'
